#
# A fatal error has been detected by the Java Runtime Environment:
#
#  EXCEPTION_ACCESS_VIOLATION (0xc0000005) at pc=0x00007ffad65dca3c, pid=15280, tid=16140
#
# JRE version: OpenJDK Runtime Environment Temurin-17.0.7+7 (17.0.7+7) (build 17.0.7+7)
# Java VM: OpenJDK 64-Bit Server VM Temurin-17.0.7+7 (17.0.7+7, mixed mode, tiered, compressed oops, compressed class ptrs, parallel gc, windows-amd64)
# Problematic frame:
# V  [jvm.dll+0x75ca3c]
#
# No core dump will be written. Minidumps are not enabled by default on client versions of Windows
#
# If you would like to submit a bug report, please visit:
#   https://github.com/adoptium/adoptium-support/issues
#

---------------  S U M M A R Y ------------

Command Line: --add-modules=ALL-SYSTEM --add-opens=java.base/java.util=ALL-UNNAMED --add-opens=java.base/java.lang=ALL-UNNAMED --add-opens=java.base/sun.nio.fs=ALL-UNNAMED -Declipse.application=org.eclipse.jdt.ls.core.id1 -Dosgi.bundles.defaultStartLevel=4 -Declipse.product=org.eclipse.jdt.ls.core.product -Djava.import.generatesMetadataFilesAtProjectRoot=false -Dfile.encoding=utf8 -XX:+UseParallelGC -XX:GCTimeRatio=4 -XX:AdaptiveSizePolicyWeight=90 -Dsun.zip.disableMemoryMapping=true -Xmx1G -Xms100m -Xlog:disable -javaagent:c:\Users\victo\.vscode\extensions\redhat.java-1.20.0-win32-x64\lombok\lombok-1.18.28.jar -XX:+HeapDumpOnOutOfMemoryError -XX:HeapDumpPath=c:\Users\victo\AppData\Roaming\Code\User\workspaceStorage\0801041066d2f30b7ccfff2c271a8e90\redhat.java -Daether.dependencyCollector.impl=bf c:\Users\victo\.vscode\extensions\redhat.java-1.20.0-win32-x64\server\plugins\org.eclipse.equinox.launcher_1.6.500.v20230622-2056.jar -configuration c:\Users\victo\AppData\Roaming\Code\User\globalStorage\redhat.java\1.20.0\config_win -data c:\Users\victo\AppData\Roaming\Code\User\workspaceStorage\0801041066d2f30b7ccfff2c271a8e90\redhat.java\jdt_ws

Host: AMD Ryzen 7 1700 Eight-Core Processor          , 16 cores, 15G,  Windows 10 , 64 bit Build 19041 (10.0.19041.3031)
Time: Thu Jul  6 12:38:56 2023 Eastern Daylight Time elapsed time: 6684.717676 seconds (0d 1h 51m 24s)

---------------  T H R E A D  ---------------

Current thread (0x000001bde675c900):  WatcherThread [stack: 0x000000b99ab00000,0x000000b99ac00000] [id=16140]

Stack: [0x000000b99ab00000,0x000000b99ac00000],  sp=0x000000b99abffa60,  free space=1022k
Native frames: (J=compiled Java code, j=interpreted, Vv=VM code, C=native code)
V  [jvm.dll+0x75ca3c]
V  [jvm.dll+0x7b8d0d]
V  [jvm.dll+0x656ab4]
V  [jvm.dll+0x7e4e7a]
V  [jvm.dll+0x676395]
C  [ucrtbase.dll+0x21bb2]
C  [KERNEL32.DLL+0x17614]
C  [ntdll.dll+0x526f1]


siginfo: EXCEPTION_ACCESS_VIOLATION (0xc0000005), reading address 0xffffffffffffffff


Register to memory mapping:

RIP=0x00007ffad65dca3c jvm.dll
RAX=0x0000fafad682d5f0 is an unknown value
RBX=0x0000000000000004 is an unknown value
RCX=0x000001bde675a800 points into unknown readable memory: 0x00007ffad682d5f0 | f0 d5 82 d6 fa 7f 00 00
RDX=0x0000000000000003 is an unknown value
RSP=0x000000b99abffa60 points into unknown readable memory: 0x00000000fffffffd | fd ff ff ff 00 00 00 00
RBP=0x0000000000000002 is an unknown value
RSI=0x000001bde4a6f3a0 points into unknown readable memory: 0x000001bde674a990 | 90 a9 74 e6 bd 01 00 00
RDI=0x0000000000000020 is an unknown value
R8 =0x0 is NULL
R9 =0x000000007ffec000 points into unknown readable memory: 0x0000000000000004 | 04 00 00 00 00 00 00 00
R10=0x0000000000000004 is an unknown value
R11=0x000000f0e018f510 is an unknown value
R12=0x0 is NULL
R13=0x000001bde675c900 points into unknown readable memory: 0x00007ffad6822fc8 | c8 2f 82 d6 fa 7f 00 00
R14=0x000000000000003c is an unknown value
R15=0x000001bde673ee30 points into unknown readable memory: 0x0000000000000000 | 00 00 00 00 00 00 00 00


Registers:
RAX=0x0000fafad682d5f0, RBX=0x0000000000000004, RCX=0x000001bde675a800, RDX=0x0000000000000003
RSP=0x000000b99abffa60, RBP=0x0000000000000002, RSI=0x000001bde4a6f3a0, RDI=0x0000000000000020
R8 =0x0000000000000000, R9 =0x000000007ffec000, R10=0x0000000000000004, R11=0x000000f0e018f510
R12=0x0000000000000000, R13=0x000001bde675c900, R14=0x000000000000003c, R15=0x000001bde673ee30
RIP=0x00007ffad65dca3c, EFLAGS=0x0000000000010297

Top of Stack: (sp=0x000000b99abffa60)
0x000000b99abffa60:   00000000fffffffd 00007ffad64f6c29
0x000000b99abffa70:   0000000000000000 0000000000000000
0x000000b99abffa80:   00007ffad6a0db28 00007ffad6638d0d
0x000000b99abffa90:   0000000000000001 000001bdc970f7b0
0x000000b99abffaa0:   0000000000000032 000001bde673e770
0x000000b99abffab0:   000001bde673ee30 00009d220e03d6bc
0x000000b99abffac0:   0000000000000032 00007ffad64d6ab4
0x000000b99abffad0:   0000000000000001 000001bdc970f7b0
0x000000b99abffae0:   000000000000003c 0000000000000002
0x000000b99abffaf0:   000001bde675c900 00007ffad64f5dcd
0x000000b99abffb00:   000001bde675c900 0000000000000000
0x000000b99abffb10:   0000000000000000 000001042e770000
0x000000b99abffb20:   000001bde673e770 00007ffa00000018
0x000000b99abffb30:   000001bde675c900 0000000000000000
0x000000b99abffb40:   0000000000000000 0000000000000000
0x000000b99abffb50:   000001bde675c900 00007ffad6664e7a 

Instructions: (pc=0x00007ffad65dca3c)
0x00007ffad65dc93c:   6c 48 83 3d 8b 98 42 00 00 75 62 48 89 5c 24 20
0x00007ffad65dc94c:   e8 1f fa ff ff e8 ea aa f3 ff 45 33 c0 48 89 05
0x00007ffad65dc95c:   78 98 42 00 41 8d 50 08 8d 4a 08 e8 34 9e 94 ff
0x00007ffad65dc96c:   48 8b d8 48 85 c0 74 1b 48 63 15 9d 45 3a 00 48
0x00007ffad65dc97c:   8b c8 e8 dd c0 05 00 48 8d 05 4e 37 26 00 48 89
0x00007ffad65dc98c:   03 eb 02 33 db 48 8b cb 48 89 1d 35 98 42 00 48
0x00007ffad65dc99c:   8b 5c 24 20 48 83 c4 28 e9 37 c2 05 00 48 83 c4
0x00007ffad65dc9ac:   28 c3 cc cc 48 89 5c 24 10 56 48 83 ec 20 48 8b
0x00007ffad65dc9bc:   01 33 db 48 8b f1 39 18 7e 2a 48 89 7c 24 30 8b
0x00007ffad65dc9cc:   fb 0f 1f 00 48 8b 40 08 48 8b 0c 07 48 8b 01 ff
0x00007ffad65dc9dc:   50 08 48 8b 06 48 8d 7f 08 ff c3 3b 18 7c e5 48
0x00007ffad65dc9ec:   8b 7c 24 30 48 8b 5c 24 38 48 83 c4 20 5e c3 cc
0x00007ffad65dc9fc:   cc cc cc cc e9 cb 40 f1 ff cc cc cc cc cc cc cc
0x00007ffad65dca0c:   cc cc cc cc 48 89 5c 24 10 56 48 83 ec 20 48 8b
0x00007ffad65dca1c:   35 b7 97 42 00 33 db 48 8b 06 39 18 7e 27 48 89
0x00007ffad65dca2c:   7c 24 30 8b fb 48 8b 40 08 48 8b 0c 07 48 8b 01
0x00007ffad65dca3c:   ff 50 08 48 8b 06 48 8d 7f 08 ff c3 3b 18 7c e5
0x00007ffad65dca4c:   48 8b 7c 24 30 48 8b 5c 24 38 48 83 c4 20 5e c3
0x00007ffad65dca5c:   cc cc cc cc 48 89 4c 24 08 48 89 54 24 10 4c 89
0x00007ffad65dca6c:   44 24 18 4c 89 4c 24 20 48 83 ec 28 4c 8b c1 4c
0x00007ffad65dca7c:   8d 4c 24 38 48 8d 0d 99 99 42 00 ba 01 00 00 00
0x00007ffad65dca8c:   e8 3f f0 e0 ff 48 83 c4 28 c3 cc cc cc cc cc cc
0x00007ffad65dca9c:   cc cc cc cc 48 89 4c 24 08 48 89 54 24 10 4c 89
0x00007ffad65dcaac:   44 24 18 4c 89 4c 24 20 48 83 ec 28 4c 8b c1 4c
0x00007ffad65dcabc:   8d 4c 24 38 48 8d 0d 59 99 42 00 ba 02 00 00 00
0x00007ffad65dcacc:   e8 ff ef e0 ff 48 83 c4 28 c3 cc cc cc cc cc cc
0x00007ffad65dcadc:   cc cc cc cc 33 c0 48 89 01 48 89 41 08 48 89 41
0x00007ffad65dcaec:   10 88 41 18 48 8b c1 c3 cc cc cc cc cc cc cc cc
0x00007ffad65dcafc:   cc cc cc cc e9 1b 01 00 00 cc cc cc cc cc cc cc
0x00007ffad65dcb0c:   cc cc cc cc 48 89 5c 24 08 57 48 83 ec 20 48 8b
0x00007ffad65dcb1c:   d9 48 8b fa 48 8b 49 10 48 85 c9 0f 85 a5 00 00
0x00007ffad65dcb2c:   00 38 4b 18 0f 85 ca 00 00 00 48 8b 53 08 48 85 


Stack slot to memory mapping:
stack at sp + 0 slots: 0x00000000fffffffd is an unallocated location in the heap
stack at sp + 1 slots: 0x00007ffad64f6c29 jvm.dll
stack at sp + 2 slots: 0x0 is NULL
stack at sp + 3 slots: 0x0 is NULL
stack at sp + 4 slots: 0x00007ffad6a0db28 jvm.dll
stack at sp + 5 slots: 0x00007ffad6638d0d jvm.dll
stack at sp + 6 slots: 0x0000000000000001 is an unknown value
stack at sp + 7 slots: 0x000001bdc970f7b0 points into unknown readable memory: 0x000001bde675c900 | 00 c9 75 e6 bd 01 00 00


---------------  P R O C E S S  ---------------

Threads class SMR info:
_java_thread_list=0x000001bded7dc9d0, length=44, elements={
0x000001bdc9713840, 0x000001bddf503620, 0x000001bddf507b90, 0x000001bde485d980,
0x000001bde485e700, 0x000001bde4864150, 0x000001bde486a160, 0x000001bde486d5f0,
0x000001bde486ef60, 0x000001bde48780e0, 0x000001bde498db00, 0x000001bde674cb30,
0x000001bde71bd9b0, 0x000001bde71778e0, 0x000001bde7389fc0, 0x000001bde7184d80,
0x000001bde7719620, 0x000001bde77ea040, 0x000001bde77e8d00, 0x000001bde77e8360,
0x000001bde77e91d0, 0x000001bde77ea510, 0x000001bdeb4affc0, 0x000001bdf7141dc0,
0x000001bdf7142290, 0x000001bdf7144910, 0x000001bdf71418f0, 0x000001bdece61b20,
0x000001bdece641a0, 0x000001bdece66cf0, 0x000001bdece64670, 0x000001bdece62990,
0x000001bdece65010, 0x000001bdece65e80, 0x000001bdece624c0, 0x000001bdece671c0,
0x000001bdece67690, 0x000001bdeb4b0490, 0x000001bdeb4b0960, 0x000001bdeb4b2b10,
0x000001bdece61650, 0x000001bdece654e0, 0x000001bdece67b60, 0x000001bdece66820
}

Java Threads: ( => current thread )
  0x000001bdc9713840 JavaThread "main" [_thread_blocked, id=16036, stack(0x000000b999900000,0x000000b999a00000)]
  0x000001bddf503620 JavaThread "Reference Handler" daemon [_thread_blocked, id=4568, stack(0x000000b999c00000,0x000000b999d00000)]
  0x000001bddf507b90 JavaThread "Finalizer" daemon [_thread_blocked, id=21356, stack(0x000000b999d00000,0x000000b999e00000)]
  0x000001bde485d980 JavaThread "Signal Dispatcher" daemon [_thread_blocked, id=14412, stack(0x000000b999e00000,0x000000b999f00000)]
  0x000001bde485e700 JavaThread "Attach Listener" daemon [_thread_blocked, id=20760, stack(0x000000b999f00000,0x000000b99a000000)]
  0x000001bde4864150 JavaThread "Service Thread" daemon [_thread_blocked, id=12156, stack(0x000000b99a000000,0x000000b99a100000)]
  0x000001bde486a160 JavaThread "Monitor Deflation Thread" daemon [_thread_blocked, id=18092, stack(0x000000b99a100000,0x000000b99a200000)]
  0x000001bde486d5f0 JavaThread "C2 CompilerThread0" daemon [_thread_blocked, id=12224, stack(0x000000b99a200000,0x000000b99a300000)]
  0x000001bde486ef60 JavaThread "C1 CompilerThread0" daemon [_thread_blocked, id=14840, stack(0x000000b99a300000,0x000000b99a400000)]
  0x000001bde48780e0 JavaThread "Sweeper thread" daemon [_thread_blocked, id=19904, stack(0x000000b99a400000,0x000000b99a500000)]
  0x000001bde498db00 JavaThread "Common-Cleaner" daemon [_thread_blocked, id=21548, stack(0x000000b99a500000,0x000000b99a600000)]
  0x000001bde674cb30 JavaThread "Notification Thread" daemon [_thread_blocked, id=1804, stack(0x000000b99aa00000,0x000000b99ab00000)]
  0x000001bde71bd9b0 JavaThread "Active Thread: Equinox Container: 037f7d5b-d870-4f17-b025-a55f62af0f61" [_thread_blocked, id=1564, stack(0x000000b99b400000,0x000000b99b500000)]
  0x000001bde71778e0 JavaThread "Framework Event Dispatcher: Equinox Container: 037f7d5b-d870-4f17-b025-a55f62af0f61" daemon [_thread_blocked, id=6748, stack(0x000000b99b500000,0x000000b99b600000)]
  0x000001bde7389fc0 JavaThread "Start Level: Equinox Container: 037f7d5b-d870-4f17-b025-a55f62af0f61" daemon [_thread_blocked, id=5240, stack(0x000000b99b600000,0x000000b99b700000)]
  0x000001bde7184d80 JavaThread "SCR Component Actor" daemon [_thread_blocked, id=22284, stack(0x000000b99b700000,0x000000b99b800000)]
  0x000001bde7719620 JavaThread "Worker-JM" [_thread_blocked, id=7576, stack(0x000000b99ac00000,0x000000b99ad00000)]
  0x000001bde77ea040 JavaThread "Java indexing" daemon [_thread_blocked, id=2496, stack(0x000000b99c100000,0x000000b99c200000)]
  0x000001bde77e8d00 JavaThread "JNA Cleaner" daemon [_thread_blocked, id=14184, stack(0x000000b99c200000,0x000000b99c300000)]
  0x000001bde77e8360 JavaThread "pool-2-thread-1" [_thread_blocked, id=10128, stack(0x000000b99c600000,0x000000b99c700000)]
  0x000001bde77e91d0 JavaThread "WorkspaceEventsHandler" [_thread_blocked, id=11576, stack(0x000000b99cc00000,0x000000b99cd00000)]
  0x000001bde77ea510 JavaThread "pool-1-thread-1" [_thread_in_native, id=8348, stack(0x000000b99cd00000,0x000000b99ce00000)]
  0x000001bdeb4affc0 JavaThread "Bundle File Closer" daemon [_thread_blocked, id=12620, stack(0x000000b99c000000,0x000000b99c100000)]
  0x000001bdf7141dc0 JavaThread "Java Debug Server" daemon [_thread_in_native, id=19260, stack(0x000000b99d000000,0x000000b99d100000)]
  0x000001bdf7142290 JavaThread "pool-4-thread-1" [_thread_in_native, id=2068, stack(0x000000b99d100000,0x000000b99d200000)]
  0x000001bdf7144910 JavaThread "RxSchedulerPurge-1" daemon [_thread_blocked, id=15892, stack(0x000000b99d200000,0x000000b99d300000)]
  0x000001bdf71418f0 JavaThread "RxCachedWorkerPoolEvictor-1" daemon [_thread_blocked, id=8756, stack(0x000000b99d300000,0x000000b99d400000)]
  0x000001bdece61b20 JavaThread "Worker-20" [_thread_blocked, id=2872, stack(0x000000b99a700000,0x000000b99a800000)]
  0x000001bdece641a0 JavaThread "ForkJoinPool.commonPool-worker-25" daemon [_thread_blocked, id=15772, stack(0x000000b99a600000,0x000000b99a700000)]
  0x000001bdece66cf0 JavaThread "ForkJoinPool.commonPool-worker-35" daemon [_thread_blocked, id=12300, stack(0x000000b99cb00000,0x000000b99cc00000)]
  0x000001bdece64670 JavaThread "ForkJoinPool.commonPool-worker-44" daemon [_thread_blocked, id=20320, stack(0x000000b999800000,0x000000b999900000)]
  0x000001bdece62990 JavaThread "ForkJoinPool.commonPool-worker-45" daemon [_thread_blocked, id=12472, stack(0x000000b99a800000,0x000000b99a900000)]
  0x000001bdece65010 JavaThread "ForkJoinPool.commonPool-worker-46" daemon [_thread_blocked, id=16132, stack(0x000000b99a900000,0x000000b99aa00000)]
  0x000001bdece65e80 JavaThread "ForkJoinPool.commonPool-worker-47" daemon [_thread_blocked, id=15596, stack(0x000000b99c400000,0x000000b99c500000)]
  0x000001bdece624c0 JavaThread "ForkJoinPool.commonPool-worker-48" daemon [_thread_blocked, id=14864, stack(0x000000b999700000,0x000000b999800000)]
  0x000001bdece671c0 JavaThread "ForkJoinPool.commonPool-worker-50" daemon [_thread_blocked, id=17420, stack(0x000000b99c700000,0x000000b99c800000)]
  0x000001bdece67690 JavaThread "ForkJoinPool.commonPool-worker-51" daemon [_thread_blocked, id=18440, stack(0x000000b99c800000,0x000000b99c900000)]
  0x000001bdeb4b0490 JavaThread "ForkJoinPool.commonPool-worker-53" daemon [_thread_blocked, id=11704, stack(0x000000b99ca00000,0x000000b99cb00000)]
  0x000001bdeb4b0960 JavaThread "ForkJoinPool.commonPool-worker-54" daemon [_thread_blocked, id=17036, stack(0x000000b99ce00000,0x000000b99cf00000)]
  0x000001bdeb4b2b10 JavaThread "ForkJoinPool.commonPool-worker-55" daemon [_thread_blocked, id=12648, stack(0x000000b99cf00000,0x000000b99d000000)]
  0x000001bdece61650 JavaThread "process reaper (pid 3848)" daemon [_thread_in_native, id=17464, stack(0x000000b999350000,0x000000b999370000)]
  0x000001bdece654e0 JavaThread "Worker-27" [_thread_blocked, id=20980, stack(0x000000b99c300000,0x000000b99c400000)]
  0x000001bdece67b60 JavaThread "Worker-28" [_thread_blocked, id=12444, stack(0x000000b999600000,0x000000b999700000)]
  0x000001bdece66820 JavaThread "RxNewThreadScheduler-7" daemon [_thread_blocked, id=3172, stack(0x000000b99ba00000,0x000000b99bb00000)]

Other Threads:
  0x000001bddf3d6280 VMThread "VM Thread" [stack: 0x000000b999b00000,0x000000b999c00000] [id=23696]
=>0x000001bde675c900 WatcherThread [stack: 0x000000b99ab00000,0x000000b99ac00000] [id=16140]
  0x000001bdc9729430 GCTaskThread "GC Thread#0" [stack: 0x000000b999a00000,0x000000b999b00000] [id=17764]
  0x000001bde7363a50 GCTaskThread "GC Thread#1" [stack: 0x000000b99af00000,0x000000b99b000000] [id=20156]
  0x000001bde6fbf730 GCTaskThread "GC Thread#2" [stack: 0x000000b99b000000,0x000000b99b100000] [id=9988]
  0x000001bde6fbf9e0 GCTaskThread "GC Thread#3" [stack: 0x000000b99b100000,0x000000b99b200000] [id=21532]
  0x000001bde6fbfc90 GCTaskThread "GC Thread#4" [stack: 0x000000b99b200000,0x000000b99b300000] [id=21132]
  0x000001bde6de8230 GCTaskThread "GC Thread#5" [stack: 0x000000b99b300000,0x000000b99b400000] [id=1944]
  0x000001bde728e390 GCTaskThread "GC Thread#6" [stack: 0x000000b99b800000,0x000000b99b900000] [id=23360]
  0x000001bde72e8d20 GCTaskThread "GC Thread#7" [stack: 0x000000b99b900000,0x000000b99ba00000] [id=19776]
  0x000001bde76a1cf0 GCTaskThread "GC Thread#8" [stack: 0x000000b99ad00000,0x000000b99ae00000] [id=24628]
  0x000001bde7715200 GCTaskThread "GC Thread#9" [stack: 0x000000b99ae00000,0x000000b99af00000] [id=21200]
  0x000001bde75aaa30 GCTaskThread "GC Thread#10" [stack: 0x000000b99bd00000,0x000000b99be00000] [id=15048]
  0x000001bde7b413f0 GCTaskThread "GC Thread#11" [stack: 0x000000b99be00000,0x000000b99bf00000] [id=12448]
  0x000001bde7b3fe70 GCTaskThread "GC Thread#12" [stack: 0x000000b99bf00000,0x000000b99c000000] [id=15592]

Threads with active compile tasks:

VM state: not at safepoint (normal execution)

VM Mutex/Monitor currently owned by a thread:  ([mutex/lock_event])
[0x000001bdc970f7b0] PeriodicTask_lock - owner thread: 0x000001bde675c900

Heap address: 0x00000000c0000000, size: 1024 MB, Compressed Oops mode: 32-bit

CDS archive(s) not mapped
Compressed class space mapped at: 0x0000000100000000-0x0000000140000000, reserved size: 1073741824
Narrow klass base: 0x0000000000000000, Narrow klass shift: 3, Narrow klass range: 0x140000000

GC Precious Log:
 CPUs: 16 total, 16 available
 Memory: 16276M
 Large Page Support: Disabled
 NUMA Support: Disabled
 Compressed Oops: Enabled (32-bit)
 Alignments: Space 512K, Generation 512K, Heap 2M
 Heap Min Capacity: 100M
 Heap Initial Capacity: 100M
 Heap Max Capacity: 1G
 Pre-touch: Disabled
 Parallel Workers: 13

Heap:
 PSYoungGen      total 6656K, used 2304K [0x00000000eab00000, 0x00000000eb300000, 0x0000000100000000)
  eden space 5120K, 22% used [0x00000000eab00000,0x00000000eac201b8,0x00000000eb000000)
  from space 1536K, 75% used [0x00000000eb000000,0x00000000eb120020,0x00000000eb180000)
  to   space 1536K, 0% used [0x00000000eb180000,0x00000000eb180000,0x00000000eb300000)
 ParOldGen       total 148480K, used 139363K [0x00000000c0000000, 0x00000000c9100000, 0x00000000eab00000)
  object space 148480K, 93% used [0x00000000c0000000,0x00000000c8818e80,0x00000000c9100000)
 Metaspace       used 85577K, committed 86784K, reserved 1179648K
  class space    used 8994K, committed 9536K, reserved 1048576K

Card table byte_map: [0x000001bddcda0000,0x000001bddcfb0000] _byte_map_base: 0x000001bddc7a0000

Marking Bits: (ParMarkBitMap*) 0x00007ffad6a052c0
 Begin Bits: [0x000001bddd110000, 0x000001bdde110000)
 End Bits:   [0x000001bdde110000, 0x000001bddf110000)

Polling page: 0x000001bdc97e0000

Metaspace:

Usage:
  Non-class:     74.79 MB used.
      Class:      8.78 MB used.
       Both:     83.57 MB used.

Virtual space:
  Non-class space:      128.00 MB reserved,      75.44 MB ( 59%) committed,  2 nodes.
      Class space:        1.00 GB reserved,       9.31 MB ( <1%) committed,  1 nodes.
             Both:        1.12 GB reserved,      84.75 MB (  7%) committed. 

Chunk freelists:
   Non-Class:  3.64 MB
       Class:  6.72 MB
        Both:  10.36 MB

MaxMetaspaceSize: unlimited
CompressedClassSpaceSize: 1.00 GB
Initial GC threshold: 21.00 MB
Current GC threshold: 139.94 MB
CDS: off
MetaspaceReclaimPolicy: balanced
 - commit_granule_bytes: 65536.
 - commit_granule_words: 8192.
 - virtual_space_node_default_size: 8388608.
 - enlarge_chunks_in_place: 1.
 - new_chunks_are_fully_committed: 0.
 - uncommit_free_chunks: 1.
 - use_allocation_guard: 0.
 - handle_deallocations: 1.


Internal statistics:

num_allocs_failed_limit: 9.
num_arena_births: 1004.
num_arena_deaths: 220.
num_vsnodes_births: 3.
num_vsnodes_deaths: 0.
num_space_committed: 1356.
num_space_uncommitted: 0.
num_chunks_returned_to_freelist: 275.
num_chunks_taken_from_freelist: 4830.
num_chunk_merges: 90.
num_chunk_splits: 2877.
num_chunks_enlarged: 1565.
num_inconsistent_stats: 0.

CodeHeap 'non-profiled nmethods': size=119168Kb used=10704Kb max_used=11204Kb free=108463Kb
 bounds [0x000001bdd5760000, 0x000001bdd6260000, 0x000001bddcbc0000]
CodeHeap 'profiled nmethods': size=119104Kb used=29909Kb max_used=30964Kb free=89194Kb
 bounds [0x000001bdcdbc0000, 0x000001bdcfa10000, 0x000001bdd5010000]
CodeHeap 'non-nmethods': size=7488Kb used=1419Kb max_used=3165Kb free=6069Kb
 bounds [0x000001bdd5010000, 0x000001bdd5340000, 0x000001bdd5760000]
 total_blobs=14290 nmethods=13521 adapters=678
 compilation: enabled
              stopped_count=0, restarted_count=0
 full_count=0

Compilation events (20 events):
Event: 6629.014 Thread 0x000001bde486ef60 16663       1       org.apache.maven.execution.DefaultMavenExecutionRequest::setMultiModuleProjectDirectory (6 bytes)
Event: 6629.014 Thread 0x000001bde486ef60 nmethod 16663 0x000001bdd59ec910 code [0x000001bdd59ecaa0, 0x000001bdd59ecb78]
Event: 6629.015 Thread 0x000001bde486ef60 16664       3       org.slf4j.helpers.NOPLogger::debug (1 bytes)
Event: 6629.015 Thread 0x000001bde486ef60 nmethod 16664 0x000001bdcf0f1110 code [0x000001bdcf0f12a0, 0x000001bdcf0f13b8]
Event: 6629.016 Thread 0x000001bde486d5f0 16665       4       org.codehaus.plexus.util.xml.Xpp3Dom::getChild (14 bytes)
Event: 6629.017 Thread 0x000001bde486d5f0 nmethod 16665 0x000001bdd59ec490 code [0x000001bdd59ec620, 0x000001bdd59ec758]
Event: 6629.024 Thread 0x000001bde486ef60 16667   !   3       org.eclipse.m2e.core.internal.builder.MavenBuilderImpl::lambda$1 (646 bytes)
Event: 6629.027 Thread 0x000001bde486ef60 nmethod 16667 0x000001bdcecb0b10 code [0x000001bdcecb11c0, 0x000001bdcecb62c8]
Event: 6629.027 Thread 0x000001bde486ef60 16666       3       org.eclipse.m2e.core.internal.builder.MavenBuilderImpl$$Lambda$669/0x00000001006e8750::accept (64 bytes)
Event: 6629.028 Thread 0x000001bde486ef60 nmethod 16666 0x000001bdce975b90 code [0x000001bdce975d40, 0x000001bdce976168]
Event: 6629.063 Thread 0x000001bde486d5f0 16668   !   4       java.lang.ref.ReferenceQueue::enqueue (119 bytes)
Event: 6629.066 Thread 0x000001bde486d5f0 nmethod 16668 0x000001bdd5b7ae10 code [0x000001bdd5b7afc0, 0x000001bdd5b7b3d8]
Event: 6629.067 Thread 0x000001bde486d5f0 16669   !   4       sun.nio.fs.WindowsPath::createFromNormalizedPath (65 bytes)
Event: 6629.071 Thread 0x000001bde486d5f0 nmethod 16669 0x000001bdd5df5c10 code [0x000001bdd5df5dc0, 0x000001bdd5df60e8]
Event: 6629.109 Thread 0x000001bde486ef60 16670       3       java.util.concurrent.ConcurrentHashMap$KeySetView::contains (9 bytes)
Event: 6629.109 Thread 0x000001bde486ef60 nmethod 16670 0x000001bdcee9c510 code [0x000001bdcee9c6c0, 0x000001bdcee9c9c8]
Event: 6629.109 Thread 0x000001bde486ef60 16671       1       org.eclipse.core.internal.events.InternalBuilder::wasForgetStateRequested (5 bytes)
Event: 6629.109 Thread 0x000001bde486ef60 nmethod 16671 0x000001bdd5b7ab10 code [0x000001bdd5b7aca0, 0x000001bdd5b7ad78]
Event: 6629.109 Thread 0x000001bde486ef60 16672       1       org.eclipse.core.internal.events.InternalBuilder::wasRememberStateRequested (5 bytes)
Event: 6629.110 Thread 0x000001bde486ef60 nmethod 16672 0x000001bdd5b7a810 code [0x000001bdd5b7a9a0, 0x000001bdd5b7aa78]

GC Heap History (20 events):
Event: 6301.318 GC heap before
{Heap before GC invocations=413 (full 9):
 PSYoungGen      total 6656K, used 5520K [0x00000000eab00000, 0x00000000eb480000, 0x0000000100000000)
  eden space 5120K, 97% used [0x00000000eab00000,0x00000000eafe03e0,0x00000000eb000000)
  from space 1536K, 34% used [0x00000000eb200000,0x00000000eb284010,0x00000000eb380000)
  to   space 1024K, 0% used [0x00000000eb380000,0x00000000eb380000,0x00000000eb480000)
 ParOldGen       total 148480K, used 136410K [0x00000000c0000000, 0x00000000c9100000, 0x00000000eab00000)
  object space 148480K, 91% used [0x00000000c0000000,0x00000000c8536810,0x00000000c9100000)
 Metaspace       used 85389K, committed 86592K, reserved 1179648K
  class space    used 8994K, committed 9536K, reserved 1048576K
}
Event: 6301.319 GC heap after
{Heap after GC invocations=413 (full 9):
 PSYoungGen      total 6144K, used 1007K [0x00000000eab00000, 0x00000000eb480000, 0x0000000100000000)
  eden space 5120K, 0% used [0x00000000eab00000,0x00000000eab00000,0x00000000eb000000)
  from space 1024K, 98% used [0x00000000eb380000,0x00000000eb47be00,0x00000000eb480000)
  to   space 1536K, 0% used [0x00000000eb180000,0x00000000eb180000,0x00000000eb300000)
 ParOldGen       total 148480K, used 136458K [0x00000000c0000000, 0x00000000c9100000, 0x00000000eab00000)
  object space 148480K, 91% used [0x00000000c0000000,0x00000000c8542810,0x00000000c9100000)
 Metaspace       used 85389K, committed 86592K, reserved 1179648K
  class space    used 8994K, committed 9536K, reserved 1048576K
}
Event: 6406.895 GC heap before
{Heap before GC invocations=414 (full 9):
 PSYoungGen      total 6144K, used 6127K [0x00000000eab00000, 0x00000000eb480000, 0x0000000100000000)
  eden space 5120K, 99% used [0x00000000eab00000,0x00000000eaffffe0,0x00000000eb000000)
  from space 1024K, 98% used [0x00000000eb380000,0x00000000eb47be00,0x00000000eb480000)
  to   space 1536K, 0% used [0x00000000eb180000,0x00000000eb180000,0x00000000eb300000)
 ParOldGen       total 148480K, used 136458K [0x00000000c0000000, 0x00000000c9100000, 0x00000000eab00000)
  object space 148480K, 91% used [0x00000000c0000000,0x00000000c8542810,0x00000000c9100000)
 Metaspace       used 85423K, committed 86592K, reserved 1179648K
  class space    used 8994K, committed 9536K, reserved 1048576K
}
Event: 6406.896 GC heap after
{Heap after GC invocations=414 (full 9):
 PSYoungGen      total 6656K, used 400K [0x00000000eab00000, 0x00000000eb400000, 0x0000000100000000)
  eden space 5120K, 0% used [0x00000000eab00000,0x00000000eab00000,0x00000000eb000000)
  from space 1536K, 26% used [0x00000000eb180000,0x00000000eb1e4010,0x00000000eb300000)
  to   space 1024K, 0% used [0x00000000eb300000,0x00000000eb300000,0x00000000eb400000)
 ParOldGen       total 148480K, used 136834K [0x00000000c0000000, 0x00000000c9100000, 0x00000000eab00000)
  object space 148480K, 92% used [0x00000000c0000000,0x00000000c85a0810,0x00000000c9100000)
 Metaspace       used 85423K, committed 86592K, reserved 1179648K
  class space    used 8994K, committed 9536K, reserved 1048576K
}
Event: 6408.013 GC heap before
{Heap before GC invocations=415 (full 9):
 PSYoungGen      total 6656K, used 5520K [0x00000000eab00000, 0x00000000eb400000, 0x0000000100000000)
  eden space 5120K, 100% used [0x00000000eab00000,0x00000000eb000000,0x00000000eb000000)
  from space 1536K, 26% used [0x00000000eb180000,0x00000000eb1e4010,0x00000000eb300000)
  to   space 1024K, 0% used [0x00000000eb300000,0x00000000eb300000,0x00000000eb400000)
 ParOldGen       total 148480K, used 136834K [0x00000000c0000000, 0x00000000c9100000, 0x00000000eab00000)
  object space 148480K, 92% used [0x00000000c0000000,0x00000000c85a0810,0x00000000c9100000)
 Metaspace       used 85440K, committed 86656K, reserved 1179648K
  class space    used 8994K, committed 9536K, reserved 1048576K
}
Event: 6408.014 GC heap after
{Heap after GC invocations=415 (full 9):
 PSYoungGen      total 6144K, used 752K [0x00000000eab00000, 0x00000000eb400000, 0x0000000100000000)
  eden space 5120K, 0% used [0x00000000eab00000,0x00000000eab00000,0x00000000eb000000)
  from space 1024K, 73% used [0x00000000eb300000,0x00000000eb3bc010,0x00000000eb400000)
  to   space 1024K, 0% used [0x00000000eb200000,0x00000000eb200000,0x00000000eb300000)
 ParOldGen       total 148480K, used 136842K [0x00000000c0000000, 0x00000000c9100000, 0x00000000eab00000)
  object space 148480K, 92% used [0x00000000c0000000,0x00000000c85a2810,0x00000000c9100000)
 Metaspace       used 85440K, committed 86656K, reserved 1179648K
  class space    used 8994K, committed 9536K, reserved 1048576K
}
Event: 6408.276 GC heap before
{Heap before GC invocations=416 (full 9):
 PSYoungGen      total 6144K, used 5872K [0x00000000eab00000, 0x00000000eb400000, 0x0000000100000000)
  eden space 5120K, 100% used [0x00000000eab00000,0x00000000eb000000,0x00000000eb000000)
  from space 1024K, 73% used [0x00000000eb300000,0x00000000eb3bc010,0x00000000eb400000)
  to   space 1024K, 0% used [0x00000000eb200000,0x00000000eb200000,0x00000000eb300000)
 ParOldGen       total 148480K, used 136842K [0x00000000c0000000, 0x00000000c9100000, 0x00000000eab00000)
  object space 148480K, 92% used [0x00000000c0000000,0x00000000c85a2810,0x00000000c9100000)
 Metaspace       used 85445K, committed 86656K, reserved 1179648K
  class space    used 8994K, committed 9536K, reserved 1048576K
}
Event: 6408.277 GC heap after
{Heap after GC invocations=416 (full 9):
 PSYoungGen      total 6144K, used 992K [0x00000000eab00000, 0x00000000eb380000, 0x0000000100000000)
  eden space 5120K, 0% used [0x00000000eab00000,0x00000000eab00000,0x00000000eb000000)
  from space 1024K, 96% used [0x00000000eb200000,0x00000000eb2f8020,0x00000000eb300000)
  to   space 512K, 0% used [0x00000000eb300000,0x00000000eb300000,0x00000000eb380000)
 ParOldGen       total 148480K, used 136906K [0x00000000c0000000, 0x00000000c9100000, 0x00000000eab00000)
  object space 148480K, 92% used [0x00000000c0000000,0x00000000c85b2810,0x00000000c9100000)
 Metaspace       used 85445K, committed 86656K, reserved 1179648K
  class space    used 8994K, committed 9536K, reserved 1048576K
}
Event: 6418.761 GC heap before
{Heap before GC invocations=417 (full 9):
 PSYoungGen      total 6144K, used 6112K [0x00000000eab00000, 0x00000000eb380000, 0x0000000100000000)
  eden space 5120K, 100% used [0x00000000eab00000,0x00000000eb000000,0x00000000eb000000)
  from space 1024K, 96% used [0x00000000eb200000,0x00000000eb2f8020,0x00000000eb300000)
  to   space 512K, 0% used [0x00000000eb300000,0x00000000eb300000,0x00000000eb380000)
 ParOldGen       total 148480K, used 136906K [0x00000000c0000000, 0x00000000c9100000, 0x00000000eab00000)
  object space 148480K, 92% used [0x00000000c0000000,0x00000000c85b2810,0x00000000c9100000)
 Metaspace       used 85465K, committed 86656K, reserved 1179648K
  class space    used 8994K, committed 9536K, reserved 1048576K
}
Event: 6418.763 GC heap after
{Heap after GC invocations=417 (full 9):
 PSYoungGen      total 5632K, used 512K [0x00000000eab00000, 0x00000000eb400000, 0x0000000100000000)
  eden space 5120K, 0% used [0x00000000eab00000,0x00000000eab00000,0x00000000eb000000)
  from space 512K, 100% used [0x00000000eb300000,0x00000000eb380000,0x00000000eb380000)
  to   space 2048K, 0% used [0x00000000eb000000,0x00000000eb000000,0x00000000eb200000)
 ParOldGen       total 148480K, used 138115K [0x00000000c0000000, 0x00000000c9100000, 0x00000000eab00000)
  object space 148480K, 93% used [0x00000000c0000000,0x00000000c86e0ce0,0x00000000c9100000)
 Metaspace       used 85465K, committed 86656K, reserved 1179648K
  class space    used 8994K, committed 9536K, reserved 1048576K
}
Event: 6419.017 GC heap before
{Heap before GC invocations=418 (full 9):
 PSYoungGen      total 5632K, used 5632K [0x00000000eab00000, 0x00000000eb400000, 0x0000000100000000)
  eden space 5120K, 100% used [0x00000000eab00000,0x00000000eb000000,0x00000000eb000000)
  from space 512K, 100% used [0x00000000eb300000,0x00000000eb380000,0x00000000eb380000)
  to   space 2048K, 0% used [0x00000000eb000000,0x00000000eb000000,0x00000000eb200000)
 ParOldGen       total 148480K, used 138115K [0x00000000c0000000, 0x00000000c9100000, 0x00000000eab00000)
  object space 148480K, 93% used [0x00000000c0000000,0x00000000c86e0ce0,0x00000000c9100000)
 Metaspace       used 85483K, committed 86656K, reserved 1179648K
  class space    used 8994K, committed 9536K, reserved 1048576K
}
Event: 6419.018 GC heap after
{Heap after GC invocations=418 (full 9):
 PSYoungGen      total 7168K, used 928K [0x00000000eab00000, 0x00000000eb380000, 0x0000000100000000)
  eden space 5120K, 0% used [0x00000000eab00000,0x00000000eab00000,0x00000000eb000000)
  from space 2048K, 45% used [0x00000000eb000000,0x00000000eb0e8020,0x00000000eb200000)
  to   space 1536K, 0% used [0x00000000eb200000,0x00000000eb200000,0x00000000eb380000)
 ParOldGen       total 148480K, used 138520K [0x00000000c0000000, 0x00000000c9100000, 0x00000000eab00000)
  object space 148480K, 93% used [0x00000000c0000000,0x00000000c8746160,0x00000000c9100000)
 Metaspace       used 85483K, committed 86656K, reserved 1179648K
  class space    used 8994K, committed 9536K, reserved 1048576K
}
Event: 6419.169 GC heap before
{Heap before GC invocations=419 (full 9):
 PSYoungGen      total 7168K, used 6047K [0x00000000eab00000, 0x00000000eb380000, 0x0000000100000000)
  eden space 5120K, 99% used [0x00000000eab00000,0x00000000eaffffd8,0x00000000eb000000)
  from space 2048K, 45% used [0x00000000eb000000,0x00000000eb0e8020,0x00000000eb200000)
  to   space 1536K, 0% used [0x00000000eb200000,0x00000000eb200000,0x00000000eb380000)
 ParOldGen       total 148480K, used 138520K [0x00000000c0000000, 0x00000000c9100000, 0x00000000eab00000)
  object space 148480K, 93% used [0x00000000c0000000,0x00000000c8746160,0x00000000c9100000)
 Metaspace       used 85489K, committed 86656K, reserved 1179648K
  class space    used 8994K, committed 9536K, reserved 1048576K
}
Event: 6419.171 GC heap after
{Heap after GC invocations=419 (full 9):
 PSYoungGen      total 6656K, used 1504K [0x00000000eab00000, 0x00000000eb400000, 0x0000000100000000)
  eden space 5120K, 0% used [0x00000000eab00000,0x00000000eab00000,0x00000000eb000000)
  from space 1536K, 97% used [0x00000000eb200000,0x00000000eb378020,0x00000000eb380000)
  to   space 2048K, 0% used [0x00000000eb000000,0x00000000eb000000,0x00000000eb200000)
 ParOldGen       total 148480K, used 138584K [0x00000000c0000000, 0x00000000c9100000, 0x00000000eab00000)
  object space 148480K, 93% used [0x00000000c0000000,0x00000000c8756160,0x00000000c9100000)
 Metaspace       used 85489K, committed 86656K, reserved 1179648K
  class space    used 8994K, committed 9536K, reserved 1048576K
}
Event: 6444.969 GC heap before
{Heap before GC invocations=420 (full 9):
 PSYoungGen      total 6656K, used 6624K [0x00000000eab00000, 0x00000000eb400000, 0x0000000100000000)
  eden space 5120K, 100% used [0x00000000eab00000,0x00000000eb000000,0x00000000eb000000)
  from space 1536K, 97% used [0x00000000eb200000,0x00000000eb378020,0x00000000eb380000)
  to   space 2048K, 0% used [0x00000000eb000000,0x00000000eb000000,0x00000000eb200000)
 ParOldGen       total 148480K, used 138584K [0x00000000c0000000, 0x00000000c9100000, 0x00000000eab00000)
  object space 148480K, 93% used [0x00000000c0000000,0x00000000c8756160,0x00000000c9100000)
 Metaspace       used 85536K, committed 86784K, reserved 1179648K
  class space    used 8994K, committed 9536K, reserved 1048576K
}
Event: 6444.970 GC heap after
{Heap after GC invocations=420 (full 9):
 PSYoungGen      total 6656K, used 1088K [0x00000000eab00000, 0x00000000eb300000, 0x0000000100000000)
  eden space 5120K, 0% used [0x00000000eab00000,0x00000000eab00000,0x00000000eb000000)
  from space 1536K, 70% used [0x00000000eb000000,0x00000000eb110000,0x00000000eb180000)
  to   space 1536K, 0% used [0x00000000eb180000,0x00000000eb180000,0x00000000eb300000)
 ParOldGen       total 148480K, used 139347K [0x00000000c0000000, 0x00000000c9100000, 0x00000000eab00000)
  object space 148480K, 93% used [0x00000000c0000000,0x00000000c8814e80,0x00000000c9100000)
 Metaspace       used 85536K, committed 86784K, reserved 1179648K
  class space    used 8994K, committed 9536K, reserved 1048576K
}
Event: 6561.194 GC heap before
{Heap before GC invocations=421 (full 9):
 PSYoungGen      total 6656K, used 6208K [0x00000000eab00000, 0x00000000eb300000, 0x0000000100000000)
  eden space 5120K, 100% used [0x00000000eab00000,0x00000000eb000000,0x00000000eb000000)
  from space 1536K, 70% used [0x00000000eb000000,0x00000000eb110000,0x00000000eb180000)
  to   space 1536K, 0% used [0x00000000eb180000,0x00000000eb180000,0x00000000eb300000)
 ParOldGen       total 148480K, used 139347K [0x00000000c0000000, 0x00000000c9100000, 0x00000000eab00000)
  object space 148480K, 93% used [0x00000000c0000000,0x00000000c8814e80,0x00000000c9100000)
 Metaspace       used 85550K, committed 86784K, reserved 1179648K
  class space    used 8994K, committed 9536K, reserved 1048576K
}
Event: 6561.196 GC heap after
{Heap after GC invocations=421 (full 9):
 PSYoungGen      total 6656K, used 1168K [0x00000000eab00000, 0x00000000eb300000, 0x0000000100000000)
  eden space 5120K, 0% used [0x00000000eab00000,0x00000000eab00000,0x00000000eb000000)
  from space 1536K, 76% used [0x00000000eb180000,0x00000000eb2a4010,0x00000000eb300000)
  to   space 1536K, 0% used [0x00000000eb000000,0x00000000eb000000,0x00000000eb180000)
 ParOldGen       total 148480K, used 139355K [0x00000000c0000000, 0x00000000c9100000, 0x00000000eab00000)
  object space 148480K, 93% used [0x00000000c0000000,0x00000000c8816e80,0x00000000c9100000)
 Metaspace       used 85550K, committed 86784K, reserved 1179648K
  class space    used 8994K, committed 9536K, reserved 1048576K
}
Event: 6629.062 GC heap before
{Heap before GC invocations=422 (full 9):
 PSYoungGen      total 6656K, used 6288K [0x00000000eab00000, 0x00000000eb300000, 0x0000000100000000)
  eden space 5120K, 99% used [0x00000000eab00000,0x00000000eafffff8,0x00000000eb000000)
  from space 1536K, 76% used [0x00000000eb180000,0x00000000eb2a4010,0x00000000eb300000)
  to   space 1536K, 0% used [0x00000000eb000000,0x00000000eb000000,0x00000000eb180000)
 ParOldGen       total 148480K, used 139355K [0x00000000c0000000, 0x00000000c9100000, 0x00000000eab00000)
  object space 148480K, 93% used [0x00000000c0000000,0x00000000c8816e80,0x00000000c9100000)
 Metaspace       used 85577K, committed 86784K, reserved 1179648K
  class space    used 8994K, committed 9536K, reserved 1048576K
}
Event: 6629.063 GC heap after
{Heap after GC invocations=422 (full 9):
 PSYoungGen      total 6656K, used 1152K [0x00000000eab00000, 0x00000000eb300000, 0x0000000100000000)
  eden space 5120K, 0% used [0x00000000eab00000,0x00000000eab00000,0x00000000eb000000)
  from space 1536K, 75% used [0x00000000eb000000,0x00000000eb120020,0x00000000eb180000)
  to   space 1536K, 0% used [0x00000000eb180000,0x00000000eb180000,0x00000000eb300000)
 ParOldGen       total 148480K, used 139363K [0x00000000c0000000, 0x00000000c9100000, 0x00000000eab00000)
  object space 148480K, 93% used [0x00000000c0000000,0x00000000c8818e80,0x00000000c9100000)
 Metaspace       used 85577K, committed 86784K, reserved 1179648K
  class space    used 8994K, committed 9536K, reserved 1048576K
}

Dll operation events (11 events):
Event: 0.008 Loaded shared library c:\Users\victo\.vscode\extensions\redhat.java-1.20.0-win32-x64\jre\17.0.7-win32-x86_64\bin\java.dll
Event: 0.171 Loaded shared library c:\Users\victo\.vscode\extensions\redhat.java-1.20.0-win32-x64\jre\17.0.7-win32-x86_64\bin\zip.dll
Event: 0.175 Loaded shared library C:\Users\victo\.vscode\extensions\redhat.java-1.20.0-win32-x64\jre\17.0.7-win32-x86_64\bin\instrument.dll
Event: 0.187 Loaded shared library C:\Users\victo\.vscode\extensions\redhat.java-1.20.0-win32-x64\jre\17.0.7-win32-x86_64\bin\net.dll
Event: 0.190 Loaded shared library C:\Users\victo\.vscode\extensions\redhat.java-1.20.0-win32-x64\jre\17.0.7-win32-x86_64\bin\nio.dll
Event: 0.198 Loaded shared library C:\Users\victo\.vscode\extensions\redhat.java-1.20.0-win32-x64\jre\17.0.7-win32-x86_64\bin\zip.dll
Event: 0.217 Loaded shared library C:\Users\victo\.vscode\extensions\redhat.java-1.20.0-win32-x64\jre\17.0.7-win32-x86_64\bin\jimage.dll
Event: 0.285 Loaded shared library c:\Users\victo\.vscode\extensions\redhat.java-1.20.0-win32-x64\jre\17.0.7-win32-x86_64\bin\verify.dll
Event: 1.386 Loaded shared library C:\Users\victo\AppData\Roaming\Code\User\globalStorage\redhat.java\1.20.0\config_win\org.eclipse.equinox.launcher\org.eclipse.equinox.launcher.win32.win32.x86_64_1.2.700.v20221108-1024\eclipse_11801.dll
Event: 3.625 Loaded shared library C:\Users\victo\AppData\Local\Temp\jna-112202379\jna4247379359951399136.dll
Event: 45.432 Loaded shared library C:\Users\victo\.vscode\extensions\redhat.java-1.20.0-win32-x64\jre\17.0.7-win32-x86_64\bin\sunmscapi.dll

Deoptimization events (20 events):
Event: 6301.315 Thread 0x000001bdece67b60 DEOPT PACKING pc=0x000001bdcf9a7700 sp=0x000000b99c9fe090
Event: 6301.315 Thread 0x000001bdece67b60 DEOPT UNPACKING pc=0x000001bdd5066e43 sp=0x000000b99c9fd550 mode 0
Event: 6301.317 Thread 0x000001bdece67b60 DEOPT PACKING pc=0x000001bdcf9a7700 sp=0x000000b99c9fe090
Event: 6301.317 Thread 0x000001bdece67b60 DEOPT UNPACKING pc=0x000001bdd5066e43 sp=0x000000b99c9fd550 mode 0
Event: 6301.318 Thread 0x000001bdece67b60 DEOPT PACKING pc=0x000001bdcf9a7700 sp=0x000000b99c9fe090
Event: 6301.318 Thread 0x000001bdece67b60 DEOPT UNPACKING pc=0x000001bdd5066e43 sp=0x000000b99c9fd550 mode 0
Event: 6301.320 Thread 0x000001bdece67b60 DEOPT PACKING pc=0x000001bdcf9a7700 sp=0x000000b99c9fe000
Event: 6301.320 Thread 0x000001bdece67b60 DEOPT UNPACKING pc=0x000001bdd5066e43 sp=0x000000b99c9fd4c0 mode 0
Event: 6301.321 Thread 0x000001bdece67b60 DEOPT PACKING pc=0x000001bdcf9a7700 sp=0x000000b99c9fe000
Event: 6301.321 Thread 0x000001bdece67b60 DEOPT UNPACKING pc=0x000001bdd5066e43 sp=0x000000b99c9fd4c0 mode 0
Event: 6301.323 Thread 0x000001bdece67b60 Uncommon trap: trap_request=0xffffff45 fr.pc=0x000001bdd58c873c relative=0x00000000000003fc
Event: 6301.323 Thread 0x000001bdece67b60 Uncommon trap: reason=unstable_if action=reinterpret pc=0x000001bdd58c873c method=org.eclipse.jdt.core.compiler.CharOperation.prefixEquals([C[CZI)Z @ 10 c2
Event: 6301.323 Thread 0x000001bdece67b60 DEOPT PACKING pc=0x000001bdd58c873c sp=0x000000b99c9fdfa0
Event: 6301.323 Thread 0x000001bdece67b60 DEOPT UNPACKING pc=0x000001bdd50666a3 sp=0x000000b99c9fded0 mode 2
Event: 6323.283 Thread 0x000001bdeb4ae7b0 Uncommon trap: trap_request=0xffffff66 fr.pc=0x000001bdd6023dd8 relative=0x0000000000001cf8
Event: 6323.283 Thread 0x000001bdeb4ae7b0 Uncommon trap: reason=speculate_class_check action=maybe_recompile pc=0x000001bdd6023dd8 method=org.eclipse.core.internal.dtree.AbstractDataTreeNode.assembleWith(Lorg/eclipse/core/internal/dtree/AbstractDataTreeNode;)Lorg/eclipse/core/internal/dtree/Abstr
Event: 6323.283 Thread 0x000001bdeb4ae7b0 DEOPT PACKING pc=0x000001bdd6023dd8 sp=0x000000b99d6fee20
Event: 6323.283 Thread 0x000001bdeb4ae7b0 DEOPT UNPACKING pc=0x000001bdd50666a3 sp=0x000000b99d6fed70 mode 2
Event: 6408.019 Thread 0x000001bde77ea510 DEOPT PACKING pc=0x000001bdcf95ede3 sp=0x000000b99cdfd030
Event: 6408.019 Thread 0x000001bde77ea510 DEOPT UNPACKING pc=0x000001bdd5066e43 sp=0x000000b99cdfc568 mode 0

Classes unloaded (20 events):
Event: 2889.265 Thread 0x000001bddf3d6280 Unloading class 0x0000000100291c00 'java/lang/invoke/LambdaForm$MH+0x0000000100291c00'
Event: 2889.265 Thread 0x000001bddf3d6280 Unloading class 0x0000000100291800 'java/lang/invoke/LambdaForm$MH+0x0000000100291800'
Event: 2889.265 Thread 0x000001bddf3d6280 Unloading class 0x0000000100291400 'java/lang/invoke/LambdaForm$MH+0x0000000100291400'
Event: 2889.265 Thread 0x000001bddf3d6280 Unloading class 0x0000000100290800 'java/lang/invoke/LambdaForm$MH+0x0000000100290800'
Event: 2889.265 Thread 0x000001bddf3d6280 Unloading class 0x000000010028fc00 'java/lang/invoke/LambdaForm$MH+0x000000010028fc00'
Event: 2889.265 Thread 0x000001bddf3d6280 Unloading class 0x000000010020f800 'java/lang/invoke/LambdaForm$MH+0x000000010020f800'
Event: 2889.265 Thread 0x000001bddf3d6280 Unloading class 0x00000001001d1000 'jdk/internal/reflect/GeneratedConstructorAccessor3'
Event: 2889.265 Thread 0x000001bddf3d6280 Unloading class 0x00000001001a2800 'java/lang/invoke/LambdaForm$MH+0x00000001001a2800'
Event: 2889.265 Thread 0x000001bddf3d6280 Unloading class 0x00000001001a2000 'java/lang/invoke/LambdaForm$MH+0x00000001001a2000'
Event: 2889.265 Thread 0x000001bddf3d6280 Unloading class 0x00000001001a1c00 'java/lang/invoke/LambdaForm$MH+0x00000001001a1c00'
Event: 2889.265 Thread 0x000001bddf3d6280 Unloading class 0x00000001001a1800 'java/lang/invoke/LambdaForm$MH+0x00000001001a1800'
Event: 2889.265 Thread 0x000001bddf3d6280 Unloading class 0x00000001001a1000 'java/lang/invoke/LambdaForm$MH+0x00000001001a1000'
Event: 2889.265 Thread 0x000001bddf3d6280 Unloading class 0x00000001001a0c00 'java/lang/invoke/LambdaForm$MH+0x00000001001a0c00'
Event: 2889.265 Thread 0x000001bddf3d6280 Unloading class 0x00000001001a0800 'java/lang/invoke/LambdaForm$MH+0x00000001001a0800'
Event: 2889.265 Thread 0x000001bddf3d6280 Unloading class 0x00000001001a0000 'java/lang/invoke/LambdaForm$MH+0x00000001001a0000'
Event: 2889.265 Thread 0x000001bddf3d6280 Unloading class 0x0000000100129000 'jdk/internal/reflect/GeneratedMethodAccessor5'
Event: 2889.265 Thread 0x000001bddf3d6280 Unloading class 0x0000000100128c00 'jdk/internal/reflect/GeneratedMethodAccessor4'
Event: 2889.265 Thread 0x000001bddf3d6280 Unloading class 0x0000000100128800 'jdk/internal/reflect/GeneratedMethodAccessor3'
Event: 2889.265 Thread 0x000001bddf3d6280 Unloading class 0x0000000100128400 'jdk/internal/reflect/GeneratedMethodAccessor2'
Event: 2889.265 Thread 0x000001bddf3d6280 Unloading class 0x0000000100128000 'jdk/internal/reflect/GeneratedMethodAccessor1'

Classes redefined (0 events):
No events

Internal exceptions (20 events):
Event: 6419.165 Thread 0x000001bdece654e0 Implicit null exception at 0x000001bdcf3470f6 to 0x000001bdcf34777d
Event: 6419.165 Thread 0x000001bdece654e0 Exception <a 'java/lang/NullPointerException'{0x00000000eaef3b30}> (0x00000000eaef3b30) 
thrown [s\src\hotspot\share\runtime\sharedRuntime.cpp, line 628]
Event: 6419.165 Thread 0x000001bdece654e0 Implicit null exception at 0x000001bdcf3470f6 to 0x000001bdcf34777d
Event: 6419.165 Thread 0x000001bdece654e0 Exception <a 'java/lang/NullPointerException'{0x00000000eaef4008}> (0x00000000eaef4008) 
thrown [s\src\hotspot\share\runtime\sharedRuntime.cpp, line 628]
Event: 6419.165 Thread 0x000001bdece654e0 Implicit null exception at 0x000001bdcf3470f6 to 0x000001bdcf34777d
Event: 6419.165 Thread 0x000001bdece654e0 Exception <a 'java/lang/NullPointerException'{0x00000000eaef5010}> (0x00000000eaef5010) 
thrown [s\src\hotspot\share\runtime\sharedRuntime.cpp, line 628]
Event: 6419.174 Thread 0x000001bdece654e0 Implicit null exception at 0x000001bdcf3470f6 to 0x000001bdcf34777d
Event: 6419.174 Thread 0x000001bdece654e0 Exception <a 'java/lang/NullPointerException'{0x00000000eab8afe8}> (0x00000000eab8afe8) 
thrown [s\src\hotspot\share\runtime\sharedRuntime.cpp, line 628]
Event: 6419.175 Thread 0x000001bdece654e0 Implicit null exception at 0x000001bdcf3470f6 to 0x000001bdcf34777d
Event: 6419.175 Thread 0x000001bdece654e0 Exception <a 'java/lang/NullPointerException'{0x00000000eab96af8}> (0x00000000eab96af8) 
thrown [s\src\hotspot\share\runtime\sharedRuntime.cpp, line 628]
Event: 6419.175 Thread 0x000001bdece654e0 Implicit null exception at 0x000001bdcf3470f6 to 0x000001bdcf34777d
Event: 6419.175 Thread 0x000001bdece654e0 Exception <a 'java/lang/NullPointerException'{0x00000000eab97008}> (0x00000000eab97008) 
thrown [s\src\hotspot\share\runtime\sharedRuntime.cpp, line 628]
Event: 6419.175 Thread 0x000001bdece654e0 Implicit null exception at 0x000001bdcf3470f6 to 0x000001bdcf34777d
Event: 6419.175 Thread 0x000001bdece654e0 Exception <a 'java/lang/NullPointerException'{0x00000000eab974c8}> (0x00000000eab974c8) 
thrown [s\src\hotspot\share\runtime\sharedRuntime.cpp, line 628]
Event: 6419.175 Thread 0x000001bdece654e0 Implicit null exception at 0x000001bdcf3470f6 to 0x000001bdcf34777d
Event: 6419.175 Thread 0x000001bdece654e0 Exception <a 'java/lang/NullPointerException'{0x00000000eab98200}> (0x00000000eab98200) 
thrown [s\src\hotspot\share\runtime\sharedRuntime.cpp, line 628]
Event: 6588.463 Thread 0x000001bdece66820 Exception <a 'sun/nio/fs/WindowsException'{0x00000000ead952f0}> (0x00000000ead952f0) 
thrown [s\src\hotspot\share\prims\jni.cpp, line 516]
Event: 6588.463 Thread 0x000001bdece66820 Exception <a 'sun/nio/fs/WindowsException'{0x00000000ead955d0}> (0x00000000ead955d0) 
thrown [s\src\hotspot\share\prims\jni.cpp, line 516]
Event: 6588.463 Thread 0x000001bdece66820 Exception <a 'sun/nio/fs/WindowsException'{0x00000000ead95f30}> (0x00000000ead95f30) 
thrown [s\src\hotspot\share\prims\jni.cpp, line 516]
Event: 6588.463 Thread 0x000001bdece66820 Exception <a 'sun/nio/fs/WindowsException'{0x00000000ead96200}> (0x00000000ead96200) 
thrown [s\src\hotspot\share\prims\jni.cpp, line 516]

VM Operations (20 events):
Event: 6419.169 Executing VM operation: ParallelGCFailedAllocation
Event: 6419.171 Executing VM operation: ParallelGCFailedAllocation done
Event: 6420.174 Executing VM operation: Cleanup
Event: 6420.174 Executing VM operation: Cleanup done
Event: 6444.968 Executing VM operation: ParallelGCFailedAllocation
Event: 6444.970 Executing VM operation: ParallelGCFailedAllocation done
Event: 6445.980 Executing VM operation: Cleanup
Event: 6445.980 Executing VM operation: Cleanup done
Event: 6526.627 Executing VM operation: Cleanup
Event: 6526.627 Executing VM operation: Cleanup done
Event: 6561.194 Executing VM operation: ParallelGCFailedAllocation
Event: 6561.196 Executing VM operation: ParallelGCFailedAllocation done
Event: 6563.195 Executing VM operation: Cleanup
Event: 6563.196 Executing VM operation: Cleanup done
Event: 6588.208 Executing VM operation: Cleanup
Event: 6588.208 Executing VM operation: Cleanup done
Event: 6590.209 Executing VM operation: Cleanup
Event: 6590.209 Executing VM operation: Cleanup done
Event: 6629.062 Executing VM operation: ParallelGCFailedAllocation
Event: 6629.063 Executing VM operation: ParallelGCFailedAllocation done

Events (20 events):
Event: 6323.281 Thread 0x000001bdece60310 Thread added: 0x000001bdece60310
Event: 6323.281 Thread 0x000001bdece654e0 Thread added: 0x000001bdece654e0
Event: 6323.281 Thread 0x000001bdece60310 Thread exited: 0x000001bdece60310
Event: 6323.281 Thread 0x000001bdece63800 Thread exited: 0x000001bdece63800
Event: 6323.281 Thread 0x000001bdece654e0 Thread exited: 0x000001bdece654e0
Event: 6361.343 Thread 0x000001bdece67b60 Thread exited: 0x000001bdece67b60
Event: 6383.417 Thread 0x000001bdeb4ae7b0 Thread exited: 0x000001bdeb4ae7b0
Event: 6406.897 Thread 0x000001bdece654e0 Thread added: 0x000001bdece654e0
Event: 6406.905 Thread 0x000001bdece60310 Thread added: 0x000001bdece60310
Event: 6479.055 Thread 0x000001bdeb4afaf0 Thread exited: 0x000001bdeb4afaf0
Event: 6505.003 Thread 0x000001bdeb4b2170 Thread exited: 0x000001bdeb4b2170
Event: 6526.392 Thread 0x000001bdece67b60 Thread added: 0x000001bdece67b60
Event: 6539.058 Thread 0x000001bdece66820 Thread exited: 0x000001bdece66820
Event: 6588.129 Thread 0x000001bdf7141420 Thread exited: 0x000001bdf7141420
Event: 6588.444 Thread 0x000001bdece66820 Thread added: 0x000001bdece66820
Event: 6588.464 Thread 0x000001bdeb4b2170 Thread added: 0x000001bdeb4b2170
Event: 6588.475 Thread 0x000001bdeb4afaf0 Thread added: 0x000001bdeb4afaf0
Event: 6588.475 Thread 0x000001bdeb4b2170 Thread exited: 0x000001bdeb4b2170
Event: 6588.633 Thread 0x000001bdeb4afaf0 Thread exited: 0x000001bdeb4afaf0
Event: 6648.441 Thread 0x000001bdece60310 Thread exited: 0x000001bdece60310


Dynamic libraries:
0x00007ff61d110000 - 0x00007ff61d11e000 	c:\Users\victo\.vscode\extensions\redhat.java-1.20.0-win32-x64\jre\17.0.7-win32-x86_64\bin\java.exe
0x00007ffb2e1d0000 - 0x00007ffb2e3c8000 	C:\WINDOWS\SYSTEM32\ntdll.dll
0x00007ffb2df20000 - 0x00007ffb2dfdf000 	C:\WINDOWS\System32\KERNEL32.DLL
0x00007ffb2bbb0000 - 0x00007ffb2bea6000 	C:\WINDOWS\System32\KERNELBASE.dll
0x00007ffb2bfa0000 - 0x00007ffb2c0a0000 	C:\WINDOWS\System32\ucrtbase.dll
0x00007ffb1bcf0000 - 0x00007ffb1bd07000 	c:\Users\victo\.vscode\extensions\redhat.java-1.20.0-win32-x64\jre\17.0.7-win32-x86_64\bin\jli.dll
0x00007ffb21f90000 - 0x00007ffb21fa9000 	c:\Users\victo\.vscode\extensions\redhat.java-1.20.0-win32-x64\jre\17.0.7-win32-x86_64\bin\VCRUNTIME140.dll
0x00007ffb2da60000 - 0x00007ffb2dbfd000 	C:\WINDOWS\System32\USER32.dll
0x00007ffb2ba40000 - 0x00007ffb2ba62000 	C:\WINDOWS\System32\win32u.dll
0x00007ffb2d080000 - 0x00007ffb2d0ac000 	C:\WINDOWS\System32\GDI32.dll
0x00007ffb195d0000 - 0x00007ffb1986a000 	C:\WINDOWS\WinSxS\amd64_microsoft.windows.common-controls_6595b64144ccf1df_6.0.19041.1110_none_60b5254171f9507e\COMCTL32.dll
0x00007ffb2c110000 - 0x00007ffb2c225000 	C:\WINDOWS\System32\gdi32full.dll
0x00007ffb2beb0000 - 0x00007ffb2bf4d000 	C:\WINDOWS\System32\msvcp_win.dll
0x00007ffb2cf70000 - 0x00007ffb2d00e000 	C:\WINDOWS\System32\msvcrt.dll
0x00007ffb2cee0000 - 0x00007ffb2cf10000 	C:\WINDOWS\System32\IMM32.DLL
0x00007ffb28ce0000 - 0x00007ffb28cec000 	c:\Users\victo\.vscode\extensions\redhat.java-1.20.0-win32-x64\jre\17.0.7-win32-x86_64\bin\vcruntime140_1.dll
0x00007ffb0dbb0000 - 0x00007ffb0dc41000 	c:\Users\victo\.vscode\extensions\redhat.java-1.20.0-win32-x64\jre\17.0.7-win32-x86_64\bin\msvcp140.dll
0x00007ffad5e80000 - 0x00007ffad6ac8000 	c:\Users\victo\.vscode\extensions\redhat.java-1.20.0-win32-x64\jre\17.0.7-win32-x86_64\bin\server\jvm.dll
0x00007ffb2cb30000 - 0x00007ffb2cbdf000 	C:\WINDOWS\System32\ADVAPI32.dll
0x00007ffb2de20000 - 0x00007ffb2debc000 	C:\WINDOWS\System32\sechost.dll
0x00007ffb2dcf0000 - 0x00007ffb2de16000 	C:\WINDOWS\System32\RPCRT4.dll
0x00007ffb24e20000 - 0x00007ffb24e47000 	C:\WINDOWS\SYSTEM32\WINMM.dll
0x00007ffb08340000 - 0x00007ffb08349000 	C:\WINDOWS\SYSTEM32\WSOCK32.dll
0x00007ffb259d0000 - 0x00007ffb259da000 	C:\WINDOWS\SYSTEM32\VERSION.dll
0x00007ffb2d010000 - 0x00007ffb2d07b000 	C:\WINDOWS\System32\WS2_32.dll
0x00007ffb2a0d0000 - 0x00007ffb2a0e2000 	C:\WINDOWS\SYSTEM32\kernel.appcore.dll
0x00007ffb26790000 - 0x00007ffb2679a000 	c:\Users\victo\.vscode\extensions\redhat.java-1.20.0-win32-x64\jre\17.0.7-win32-x86_64\bin\jimage.dll
0x00007ffb29710000 - 0x00007ffb298f4000 	C:\WINDOWS\SYSTEM32\DBGHELP.DLL
0x00007ffb18250000 - 0x00007ffb18284000 	C:\WINDOWS\SYSTEM32\dbgcore.DLL
0x00007ffb2ba70000 - 0x00007ffb2baf2000 	C:\WINDOWS\System32\bcryptPrimitives.dll
0x00007ffb22fc0000 - 0x00007ffb22fce000 	c:\Users\victo\.vscode\extensions\redhat.java-1.20.0-win32-x64\jre\17.0.7-win32-x86_64\bin\instrument.dll
0x00007ffb17330000 - 0x00007ffb17355000 	c:\Users\victo\.vscode\extensions\redhat.java-1.20.0-win32-x64\jre\17.0.7-win32-x86_64\bin\java.dll
0x00007ffb1abd0000 - 0x00007ffb1abe8000 	c:\Users\victo\.vscode\extensions\redhat.java-1.20.0-win32-x64\jre\17.0.7-win32-x86_64\bin\zip.dll
0x00007ffb2d160000 - 0x00007ffb2d8a4000 	C:\WINDOWS\System32\SHELL32.dll
0x00007ffb29920000 - 0x00007ffb2a0b3000 	C:\WINDOWS\SYSTEM32\windows.storage.dll
0x00007ffb2c7d0000 - 0x00007ffb2cb24000 	C:\WINDOWS\System32\combase.dll
0x00007ffb2b1b0000 - 0x00007ffb2b1de000 	C:\WINDOWS\SYSTEM32\Wldp.dll
0x00007ffb2d0b0000 - 0x00007ffb2d15d000 	C:\WINDOWS\System32\SHCORE.dll
0x00007ffb2cd60000 - 0x00007ffb2cdb5000 	C:\WINDOWS\System32\shlwapi.dll
0x00007ffb2b7f0000 - 0x00007ffb2b80f000 	C:\WINDOWS\SYSTEM32\profapi.dll
0x00007ffb19290000 - 0x00007ffb192a9000 	C:\Users\victo\.vscode\extensions\redhat.java-1.20.0-win32-x64\jre\17.0.7-win32-x86_64\bin\net.dll
0x00007ffb24270000 - 0x00007ffb2437a000 	C:\WINDOWS\SYSTEM32\WINHTTP.dll
0x00007ffb2af90000 - 0x00007ffb2affa000 	C:\WINDOWS\system32\mswsock.dll
0x00007ffb16ae0000 - 0x00007ffb16af5000 	C:\Users\victo\.vscode\extensions\redhat.java-1.20.0-win32-x64\jre\17.0.7-win32-x86_64\bin\nio.dll
0x00007ffb22650000 - 0x00007ffb22660000 	c:\Users\victo\.vscode\extensions\redhat.java-1.20.0-win32-x64\jre\17.0.7-win32-x86_64\bin\verify.dll
0x00007ffb14520000 - 0x00007ffb1455e000 	C:\Users\victo\AppData\Roaming\Code\User\globalStorage\redhat.java\1.20.0\config_win\org.eclipse.equinox.launcher\org.eclipse.equinox.launcher.win32.win32.x86_64_1.2.700.v20221108-1024\eclipse_11801.dll
0x00007ffb2c230000 - 0x00007ffb2c35a000 	C:\WINDOWS\System32\ole32.dll
0x00007ffb2b1f0000 - 0x00007ffb2b208000 	C:\WINDOWS\SYSTEM32\CRYPTSP.dll
0x00007ffb2a8d0000 - 0x00007ffb2a904000 	C:\WINDOWS\system32\rsaenh.dll
0x00007ffb2ba10000 - 0x00007ffb2ba37000 	C:\WINDOWS\System32\bcrypt.dll
0x00007ffb2b7b0000 - 0x00007ffb2b7de000 	C:\WINDOWS\SYSTEM32\USERENV.dll
0x00007ffb2b120000 - 0x00007ffb2b12c000 	C:\WINDOWS\SYSTEM32\CRYPTBASE.dll
0x00007ffb2aca0000 - 0x00007ffb2acdc000 	C:\WINDOWS\SYSTEM32\IPHLPAPI.DLL
0x00007ffb2dfe0000 - 0x00007ffb2dfe8000 	C:\WINDOWS\System32\NSI.dll
0x00007ffb24540000 - 0x00007ffb24557000 	C:\WINDOWS\SYSTEM32\dhcpcsvc6.DLL
0x00007ffb24880000 - 0x00007ffb2489d000 	C:\WINDOWS\SYSTEM32\dhcpcsvc.DLL
0x00007ffb2ace0000 - 0x00007ffb2adaa000 	C:\WINDOWS\SYSTEM32\DNSAPI.dll
0x00007ffb12e70000 - 0x00007ffb12eb5000 	C:\Users\victo\AppData\Local\Temp\jna-112202379\jna4247379359951399136.dll
0x00007ffb2e180000 - 0x00007ffb2e188000 	C:\WINDOWS\System32\PSAPI.DLL
0x00007ffb1c9a0000 - 0x00007ffb1c9ae000 	C:\Users\victo\.vscode\extensions\redhat.java-1.20.0-win32-x64\jre\17.0.7-win32-x86_64\bin\sunmscapi.dll
0x00007ffb2b8b0000 - 0x00007ffb2ba0e000 	C:\WINDOWS\System32\CRYPT32.dll
0x00007ffb2b370000 - 0x00007ffb2b398000 	C:\WINDOWS\SYSTEM32\ncrypt.dll
0x00007ffb2b330000 - 0x00007ffb2b36b000 	C:\WINDOWS\SYSTEM32\NTASN1.dll
0x00007ffb2a9f0000 - 0x00007ffb2aa23000 	C:\WINDOWS\SYSTEM32\ntmarta.dll

dbghelp: loaded successfully - version: 4.0.5 - missing functions: none
symbol engine: initialized successfully - sym options: 0x614 - pdb path: .;c:\Users\victo\.vscode\extensions\redhat.java-1.20.0-win32-x64\jre\17.0.7-win32-x86_64\bin;C:\WINDOWS\SYSTEM32;C:\WINDOWS\WinSxS\amd64_microsoft.windows.common-controls_6595b64144ccf1df_6.0.19041.1110_none_60b5254171f9507e;c:\Users\victo\.vscode\extensions\redhat.java-1.20.0-win32-x64\jre\17.0.7-win32-x86_64\bin\server;C:\Users\victo\AppData\Roaming\Code\User\globalStorage\redhat.java\1.20.0\config_win\org.eclipse.equinox.launcher\org.eclipse.equinox.launcher.win32.win32.x86_64_1.2.700.v20221108-1024;C:\Users\victo\AppData\Local\Temp\jna-112202379

VM Arguments:
jvm_args: --add-modules=ALL-SYSTEM --add-opens=java.base/java.util=ALL-UNNAMED --add-opens=java.base/java.lang=ALL-UNNAMED --add-opens=java.base/sun.nio.fs=ALL-UNNAMED -Declipse.application=org.eclipse.jdt.ls.core.id1 -Dosgi.bundles.defaultStartLevel=4 -Declipse.product=org.eclipse.jdt.ls.core.product -Djava.import.generatesMetadataFilesAtProjectRoot=false -Dfile.encoding=utf8 -XX:+UseParallelGC -XX:GCTimeRatio=4 -XX:AdaptiveSizePolicyWeight=90 -Dsun.zip.disableMemoryMapping=true -Xmx1G -Xms100m -Xlog:disable -javaagent:c:\Users\victo\.vscode\extensions\redhat.java-1.20.0-win32-x64\lombok\lombok-1.18.28.jar -XX:+HeapDumpOnOutOfMemoryError -XX:HeapDumpPath=c:\Users\victo\AppData\Roaming\Code\User\workspaceStorage\0801041066d2f30b7ccfff2c271a8e90\redhat.java -Daether.dependencyCollector.impl=bf 
java_command: c:\Users\victo\.vscode\extensions\redhat.java-1.20.0-win32-x64\server\plugins\org.eclipse.equinox.launcher_1.6.500.v20230622-2056.jar -configuration c:\Users\victo\AppData\Roaming\Code\User\globalStorage\redhat.java\1.20.0\config_win -data c:\Users\victo\AppData\Roaming\Code\User\workspaceStorage\0801041066d2f30b7ccfff2c271a8e90\redhat.java\jdt_ws
java_class_path (initial): c:\Users\victo\.vscode\extensions\redhat.java-1.20.0-win32-x64\server\plugins\org.eclipse.equinox.launcher_1.6.500.v20230622-2056.jar
Launcher Type: SUN_STANDARD

[Global flags]
    uintx AdaptiveSizePolicyWeight                 = 90                                        {product} {command line}
     intx CICompilerCount                          = 12                                        {product} {ergonomic}
    uintx GCTimeRatio                              = 4                                         {product} {command line}
     bool HeapDumpOnOutOfMemoryError               = true                                   {manageable} {command line}
    ccstr HeapDumpPath                             = c:\Users\victo\AppData\Roaming\Code\User\workspaceStorage\0801041066d2f30b7ccfff2c271a8e90\redhat.java         {manageable} {command line}
   size_t InitialHeapSize                          = 104857600                                 {product} {command line}
   size_t MaxHeapSize                              = 1073741824                                {product} {command line}
   size_t MaxNewSize                               = 357564416                                 {product} {ergonomic}
   size_t MinHeapDeltaBytes                        = 524288                                    {product} {ergonomic}
   size_t MinHeapSize                              = 104857600                                 {product} {command line}
   size_t NewSize                                  = 34603008                                  {product} {ergonomic}
    uintx NonNMethodCodeHeapSize                   = 7602480                                {pd product} {ergonomic}
    uintx NonProfiledCodeHeapSize                  = 122027880                              {pd product} {ergonomic}
   size_t OldSize                                  = 70254592                                  {product} {ergonomic}
    uintx ProfiledCodeHeapSize                     = 122027880                              {pd product} {ergonomic}
    uintx ReservedCodeCacheSize                    = 251658240                              {pd product} {ergonomic}
     bool SegmentedCodeCache                       = true                                      {product} {ergonomic}
   size_t SoftMaxHeapSize                          = 1073741824                             {manageable} {ergonomic}
     bool UseCompressedClassPointers               = true                           {product lp64_product} {ergonomic}
     bool UseCompressedOops                        = true                           {product lp64_product} {ergonomic}
     bool UseLargePagesIndividualAllocation        = false                                  {pd product} {ergonomic}
     bool UseParallelGC                            = true                                      {product} {command line}

Logging:
Log output configuration:
 #0: stdout all=off uptime,level,tags
 #1: stderr all=off uptime,level,tags

Environment Variables:
PATH=C:\Ruby32-x64\bin;C:\WINDOWS\system32;C:\WINDOWS;C:\WINDOWS\System32\Wbem;C:\WINDOWS\System32\WindowsPowerShell\v1.0\;C:\WINDOWS\System32\OpenSSH\;C:\Program Files\Git\cmd;C:\Program Files\nodejs\;C:\Program Files\dotnet\;C:\ProgramData\chocolatey\bin;C:\Program Files\ojdkbuild\java-11-openjdk-11.0.15-1\bin;C:\ProgramData\chocolatey\lib\maven\apache-maven-3.8.6\bin;C:\Program Files\Microsoft SQL Server\110\Tools\Binn\;C:\Users\victo\AppData\Local\Microsoft\WindowsApps;;C:\Users\victo\AppData\Local\Programs\Microsoft VS Code\bin;C:\Users\victo\AppData\Roaming\npm
USERNAME=victo
OS=Windows_NT
PROCESSOR_IDENTIFIER=AMD64 Family 23 Model 1 Stepping 1, AuthenticAMD
TMP=C:\Users\victo\AppData\Local\Temp
TEMP=C:\Users\victo\AppData\Local\Temp



---------------  S Y S T E M  ---------------

OS:
 Windows 10 , 64 bit Build 19041 (10.0.19041.3031)
OS uptime: 1 days 23:59 hours
Hyper-V role detected

CPU: total 16 (initial active 16) (16 cores per cpu, 2 threads per core) family 23 model 1 stepping 1 microcode 0x0, cx8, cmov, fxsr, ht, mmx, 3dnowpref, sse, sse2, sse3, ssse3, sse4a, sse4.1, sse4.2, popcnt, lzcnt, tsc, tscinvbit, avx, avx2, aes, clmul, bmi1, bmi2, adx, sha, fma, vzeroupper, clflush, clflushopt, hv

Memory: 4k page, system-wide physical 16276M (8983M free)
TotalPageFile size 18708M (AvailPageFile size 7019M)
current process WorkingSet (physical memory assigned to process): 404M, peak: 476M
current process commit charge ("private bytes"): 453M, peak: 527M

vm_info: OpenJDK 64-Bit Server VM (17.0.7+7) for windows-amd64 JRE (17.0.7+7), built on Apr 18 2023 22:10:42 by "temurin" with MS VC++ 16.7 (VS2019)

END.
