#
# A fatal error has been detected by the Java Runtime Environment:
#
#  EXCEPTION_ACCESS_VIOLATION (0xc0000005) at pc=0x00007ffed1c12f42, pid=16840, tid=16420
#
# JRE version: OpenJDK Runtime Environment Temurin-17.0.7+7 (17.0.7+7) (build 17.0.7+7)
# Java VM: OpenJDK 64-Bit Server VM Temurin-17.0.7+7 (17.0.7+7, mixed mode, tiered, compressed oops, compressed class ptrs, parallel gc, windows-amd64)
# Problematic frame:
# V  [jvm.dll+0x182f42]
#
# No core dump will be written. Minidumps are not enabled by default on client versions of Windows
#
# If you would like to submit a bug report, please visit:
#   https://github.com/adoptium/adoptium-support/issues
#

---------------  S U M M A R Y ------------

Command Line: --add-modules=ALL-SYSTEM --add-opens=java.base/java.util=ALL-UNNAMED --add-opens=java.base/java.lang=ALL-UNNAMED --add-opens=java.base/sun.nio.fs=ALL-UNNAMED -Declipse.application=org.eclipse.jdt.ls.core.id1 -Dosgi.bundles.defaultStartLevel=4 -Declipse.product=org.eclipse.jdt.ls.core.product -Djava.import.generatesMetadataFilesAtProjectRoot=false -Dfile.encoding=utf8 -XX:+UseParallelGC -XX:GCTimeRatio=4 -XX:AdaptiveSizePolicyWeight=90 -Dsun.zip.disableMemoryMapping=true -Xmx1G -Xms100m -Xlog:disable -javaagent:c:\Users\victo\.vscode\extensions\redhat.java-1.19.0-win32-x64\lombok\lombok-1.18.28.jar c:\Users\victo\.vscode\extensions\redhat.java-1.19.0-win32-x64\server\plugins\org.eclipse.equinox.launcher_1.6.400.v20210924-0641.jar -configuration c:\Users\victo\AppData\Roaming\Code\User\globalStorage\redhat.java\1.19.0\config_ss_win -data c:\Users\victo\AppData\Roaming\Code\User\workspaceStorage\935a44f2b612eb5bfd22a2e74c9645a7\redhat.java\ss_ws

Host: AMD Ryzen 7 1700 Eight-Core Processor          , 16 cores, 15G,  Windows 10 , 64 bit Build 19041 (10.0.19041.2913)
Time: Fri Jun  9 19:02:15 2023 Eastern Daylight Time elapsed time: 0.479760 seconds (0d 0h 0m 0s)

---------------  T H R E A D  ---------------

Current thread (0x000001cb4e92a350):  JavaThread "C1 CompilerThread2" daemon [_thread_in_native, id=16420, stack(0x00000059c6500000,0x00000059c6600000)]


Current CompileTask:
C1:    479  486       3       lombok.eclipse.agent.EclipsePatcher$1::shouldTransform (79 bytes)

Stack: [0x00000059c6500000,0x00000059c6600000],  sp=0x00000059c65fee00,  free space=1019k
Native frames: (J=compiled Java code, j=interpreted, Vv=VM code, C=native code)
V  [jvm.dll+0x182f42]
V  [jvm.dll+0x14af8b]
V  [jvm.dll+0x1351c8]
V  [jvm.dll+0x135350]
V  [jvm.dll+0x135616]
V  [jvm.dll+0x134aaa]
V  [jvm.dll+0x136771]
V  [jvm.dll+0x2284da]
V  [jvm.dll+0x226615]
V  [jvm.dll+0x7ea90b]
V  [jvm.dll+0x7e4e7a]
V  [jvm.dll+0x676395]
C  [ucrtbase.dll+0x21bb2]
C  [KERNEL32.DLL+0x17614]
C  [ntdll.dll+0x526a1]


siginfo: EXCEPTION_ACCESS_VIOLATION (0xc0000005), ExceptionInformation=0x0000000000000003 0x0000000000000000


Register to memory mapping:

RIP=0x00007ffed1c12f42 jvm.dll
RAX=0x00007ffed23b9b98 jvm.dll
RBX=0x0000000000000026 is an unknown value
RCX=0x000001cb4e80e770 points into unknown readable memory: 0x00007ffed23b4910 | 10 49 3b d2 fe 7f 00 00
RDX=0x000000000000001d is an unknown value
RSP=0x00000059c65fee00 is pointing into the stack for thread: 0x000001cb4e92a350
RBP=0x00000059c65fef99 is pointing into the stack for thread: 0x000001cb4e92a350
RSI=0x000001cb4e6c8580 points into unknown readable memory: 0x00007ffed23c0d10 | 10 0d 3c d2 fe 7f 00 00
RDI=0x000001cb4e811cf0 points into unknown readable memory: 0x000001cb4e80e880 | 80 e8 80 4e cb 01 00 00
R8 =0x000001cb4e811e20 points into unknown readable memory: 0x0101010101010101 | 01 01 01 01 01 01 01 01
R9 =0x0 is NULL
R10=0xfffffffffffff990 is an unknown value
R11=0x000001cb4e811e20 points into unknown readable memory: 0x0101010101010101 | 01 01 01 01 01 01 01 01
R12=0x000001cb49144490 points into unknown readable memory: 0x00007ffed23b0490 | 90 04 3b d2 fe 7f 00 00
R13=0x00000059c65ff720 is pointing into the stack for thread: 0x000001cb4e92a350
R14=0x00007ffed258ec50 jvm.dll
R15=0x000001cb3f675090 is at code_begin+-112 in 
[CodeBlob (0x000001cb3f675090)]
Framesize: 0
BufferBlob (0x000001cb3f675090) used for C1 temporary CodeBuffer


Registers:
RAX=0x00007ffed23b9b98, RBX=0x0000000000000026, RCX=0x000001cb4e80e770, RDX=0x000000000000001d
RSP=0x00000059c65fee00, RBP=0x00000059c65fef99, RSI=0x000001cb4e6c8580, RDI=0x000001cb4e811cf0
R8 =0x000001cb4e811e20, R9 =0x0000000000000000, R10=0xfffffffffffff990, R11=0x000001cb4e811e20
R12=0x000001cb49144490, R13=0x00000059c65ff720, R14=0x00007ffed258ec50, R15=0x000001cb3f675090
RIP=0x00007ffed1c12f42, EFLAGS=0x0000000000010246

Top of Stack: (sp=0x00000059c65fee00)
0x00000059c65fee00:   0000000000000026 00000059c65fef38
0x00000059c65fee10:   000001cb4e836e00 00000059c65fef99
0x00000059c65fee20:   000001cb4e923450 00000059c65feec9
0x00000059c65fee30:   000001cb4e80b760 0000000000018360
0x00000059c65fee40:   000001cb4e811560 000001cb4e813748
0x00000059c65fee50:   00007ffed23b9b98 00000059c65fef38
0x00000059c65fee60:   000001cb4e8116f0 000001cb4e811560
0x00000059c65fee70:   000001cb4e811590 0000002600000026
0x00000059c65fee80:   000001cb4e8115c0 0000000000000000
0x00000059c65fee90:   00007ffed23b9a08 00000059c65fee50
0x00000059c65feea0:   0000000000000000 000001cb4e80fc50
0x00000059c65feeb0:   0000000000000000 000001cb3f675090
0x00000059c65feec0:   00007ffed258ec50 00000059c65ff720
0x00000059c65feed0:   000001cb49144490 000001cb4e6c8580
0x00000059c65feee0:   00000059c65fef99 0000000000000000
0x00000059c65feef0:   00000059c65ff240 00007ffed1bdaf8b 

Instructions: (pc=0x00007ffed1c12f42)
0x00007ffed1c12e42:   c6 75 04 8b de eb 0c 0f bd ce bb 01 00 00 00 ff
0x00007ffed1c12e52:   c1 d3 e3 ba 08 00 00 00 8b cb e8 8f 8e 1c 00 45
0x00007ffed1c12e62:   33 c9 4c 8b f0 85 ed 7e 26 48 8b c8 44 8b c5 48
0x00007ffed1c12e72:   2b f8 44 8b cd 66 0f 1f 84 00 00 00 00 00 48 8b
0x00007ffed1c12e82:   14 0f 48 89 11 48 8d 49 08 49 83 e8 01 75 ef 44
0x00007ffed1c12e92:   3b cb 7d 18 49 63 c1 44 8b c3 45 2b c1 33 d2 49
0x00007ffed1c12ea2:   c1 e0 03 49 8d 0c c6 e8 a4 d2 70 00 4c 8b 84 24
0x00007ffed1c12eb2:   08 01 00 00 49 8b fe 48 63 c5 ff c5 ff c6 4c 89
0x00007ffed1c12ec2:   24 c7 41 c6 45 00 01 48 8b 8c 24 10 01 00 00 4d
0x00007ffed1c12ed2:   85 ff 0f 8f 36 ff ff ff 8b 94 24 00 01 00 00 48
0x00007ffed1c12ee2:   8b 84 24 18 01 00 00 ff c2 48 83 c0 08 89 94 24
0x00007ffed1c12ef2:   00 01 00 00 48 89 84 24 18 01 00 00 3b d5 0f 8c
0x00007ffed1c12f02:   7a fd ff ff 4c 8b bc 24 b8 00 00 00 48 8d 05 83
0x00007ffed1c12f12:   6c 7a 00 4c 8b b4 24 c0 00 00 00 4c 8b ac 24 c8
0x00007ffed1c12f22:   00 00 00 4c 8b a4 24 d0 00 00 00 48 8b b4 24 d8
0x00007ffed1c12f32:   00 00 00 48 8b ac 24 e0 00 00 00 48 89 44 24 50
0x00007ffed1c12f42:   48 8b 44 24 58 48 8b 08 48 8b 01 48 8b 48 28 48
0x00007ffed1c12f52:   85 c9 74 0c 48 81 c1 b0 00 00 00 e8 de 6a 4f 00
0x00007ffed1c12f62:   f6 84 24 88 00 00 00 01 74 25 48 8b 8c 24 80 00
0x00007ffed1c12f72:   00 00 48 85 c9 74 0f e8 92 91 f2 ff 33 c0 48 89
0x00007ffed1c12f82:   84 24 80 00 00 00 48 c7 44 24 78 00 00 00 00 48
0x00007ffed1c12f92:   8b 7c 24 30 48 8b 5c 24 20 48 83 3f 00 74 15 48
0x00007ffed1c12fa2:   8b 54 24 38 48 8b cb e8 92 98 f2 ff 48 8b cf e8
0x00007ffed1c12fb2:   6a 98 f2 ff 48 8b 44 24 40 48 89 43 18 48 8b 44
0x00007ffed1c12fc2:   24 48 48 89 43 20 48 89 7b 10 48 81 c4 e8 00 00
0x00007ffed1c12fd2:   00 5f 5b c3 cc cc cc cc cc cc cc cc cc cc 48 89
0x00007ffed1c12fe2:   5c 24 08 57 48 83 ec 30 44 8b 42 38 48 8b fa 41
0x00007ffed1c12ff2:   8b c0 48 8b d9 c1 e8 05 a8 01 74 70 48 8b 02 48
0x00007ffed1c13002:   8b ca ff 50 30 48 85 c0 74 51 48 8b 4f 70 80 79
0x00007ffed1c13012:   2c 00 74 47 48 8d 54 24 20 e8 e0 40 04 00 8b 44
0x00007ffed1c13022:   24 20 83 c0 f4 83 f8 01 77 31 48 8b 4c 24 28 48
0x00007ffed1c13032:   8b 01 ff 50 28 84 c0 75 22 4c 63 47 08 48 8b 43 


Stack slot to memory mapping:
stack at sp + 0 slots: 0x0000000000000026 is an unknown value
stack at sp + 1 slots: 0x00000059c65fef38 is pointing into the stack for thread: 0x000001cb4e92a350
stack at sp + 2 slots: 0x000001cb4e836e00 points into unknown readable memory: 0x0000000000000000 | 00 00 00 00 00 00 00 00
stack at sp + 3 slots: 0x00000059c65fef99 is pointing into the stack for thread: 0x000001cb4e92a350
stack at sp + 4 slots: 0x000001cb4e923450 points into unknown readable memory: 0x00007ffe00000006 | 06 00 00 00 fe 7f 00 00
stack at sp + 5 slots: 0x00000059c65feec9 is pointing into the stack for thread: 0x000001cb4e92a350
stack at sp + 6 slots: 0x000001cb4e80b760 points into unknown readable memory: 0x0000000000000000 | 00 00 00 00 00 00 00 00
stack at sp + 7 slots: 0x0000000000018360 is an unknown value


---------------  P R O C E S S  ---------------

Threads class SMR info:
_java_thread_list=0x000001cb50529600, length=16, elements={
0x000001cb353ebd80, 0x000001cb49271270, 0x000001cb492753a0, 0x000001cb4927b540,
0x000001cb4927c2c0, 0x000001cb4927d7e0, 0x000001cb4927ea40, 0x000001cb4e640b80,
0x000001cb4e64a4a0, 0x000001cb4e64b540, 0x000001cb4e781870, 0x000001cb354ab310,
0x000001cb4e823730, 0x000001cb4e92a350, 0x000001cb5050b2c0, 0x000001cb5070a960
}

Java Threads: ( => current thread )
  0x000001cb353ebd80 JavaThread "main" [_thread_in_vm, id=792, stack(0x00000059c5600000,0x00000059c5700000)]
  0x000001cb49271270 JavaThread "Reference Handler" daemon [_thread_blocked, id=16124, stack(0x00000059c5900000,0x00000059c5a00000)]
  0x000001cb492753a0 JavaThread "Finalizer" daemon [_thread_blocked, id=896, stack(0x00000059c5a00000,0x00000059c5b00000)]
  0x000001cb4927b540 JavaThread "Signal Dispatcher" daemon [_thread_blocked, id=8004, stack(0x00000059c5b00000,0x00000059c5c00000)]
  0x000001cb4927c2c0 JavaThread "Attach Listener" daemon [_thread_blocked, id=16696, stack(0x00000059c5c00000,0x00000059c5d00000)]
  0x000001cb4927d7e0 JavaThread "Service Thread" daemon [_thread_blocked, id=15692, stack(0x00000059c5d00000,0x00000059c5e00000)]
  0x000001cb4927ea40 JavaThread "Monitor Deflation Thread" daemon [_thread_blocked, id=18380, stack(0x00000059c5e00000,0x00000059c5f00000)]
  0x000001cb4e640b80 JavaThread "C2 CompilerThread0" daemon [_thread_in_native, id=2656, stack(0x00000059c5f00000,0x00000059c6000000)]
  0x000001cb4e64a4a0 JavaThread "C1 CompilerThread0" daemon [_thread_blocked, id=17964, stack(0x00000059c6000000,0x00000059c6100000)]
  0x000001cb4e64b540 JavaThread "Sweeper thread" daemon [_thread_blocked, id=17048, stack(0x00000059c6100000,0x00000059c6200000)]
  0x000001cb4e781870 JavaThread "Common-Cleaner" daemon [_thread_blocked, id=16016, stack(0x00000059c6200000,0x00000059c6300000)]
  0x000001cb354ab310 JavaThread "C1 CompilerThread1" daemon [_thread_blocked, id=15944, stack(0x00000059c6300000,0x00000059c6400000)]
  0x000001cb4e823730 JavaThread "C2 CompilerThread1" daemon [_thread_in_native, id=9848, stack(0x00000059c6400000,0x00000059c6500000)]
=>0x000001cb4e92a350 JavaThread "C1 CompilerThread2" daemon [_thread_in_native, id=16420, stack(0x00000059c6500000,0x00000059c6600000)]
  0x000001cb5050b2c0 JavaThread "Notification Thread" daemon [_thread_blocked, id=1320, stack(0x00000059c6600000,0x00000059c6700000)]
  0x000001cb5070a960 JavaThread "C2 CompilerThread2" daemon [_thread_blocked, id=6644, stack(0x00000059c6800000,0x00000059c6900000)]

Other Threads:
  0x000001cb4e615d70 VMThread "VM Thread" [stack: 0x00000059c5800000,0x00000059c5900000] [id=6844]
  0x000001cb505363c0 WatcherThread [stack: 0x00000059c6700000,0x00000059c6800000] [id=10388]
  0x000001cb354042d0 GCTaskThread "GC Thread#0" [stack: 0x00000059c5700000,0x00000059c5800000] [id=5136]

Threads with active compile tasks:
C2 CompilerThread0      522  517       4       lombok.patcher.PatchScript::classMatches (41 bytes)
C2 CompilerThread1      522  516       4       lombok.patcher.scripts.MethodLevelPatchScript::patch (21 bytes)
C1 CompilerThread2      522  486       3       lombok.eclipse.agent.EclipsePatcher$1::shouldTransform (79 bytes)

VM state: not at safepoint (normal execution)

VM Mutex/Monitor currently owned by a thread: None

Heap address: 0x00000000c0000000, size: 1024 MB, Compressed Oops mode: 32-bit

CDS archive(s) not mapped
Compressed class space mapped at: 0x0000000100000000-0x0000000140000000, reserved size: 1073741824
Narrow klass base: 0x0000000000000000, Narrow klass shift: 3, Narrow klass range: 0x140000000

GC Precious Log:
 CPUs: 16 total, 16 available
 Memory: 16276M
 Large Page Support: Disabled
 NUMA Support: Disabled
 Compressed Oops: Enabled (32-bit)
 Alignments: Space 512K, Generation 512K, Heap 2M
 Heap Min Capacity: 100M
 Heap Initial Capacity: 100M
 Heap Max Capacity: 1G
 Pre-touch: Disabled
 Parallel Workers: 13

Heap:
 PSYoungGen      total 29696K, used 12461K [0x00000000eab00000, 0x00000000ecc00000, 0x0000000100000000)
  eden space 25600K, 48% used [0x00000000eab00000,0x00000000eb72b568,0x00000000ec400000)
  from space 4096K, 0% used [0x00000000ec800000,0x00000000ec800000,0x00000000ecc00000)
  to   space 4096K, 0% used [0x00000000ec400000,0x00000000ec400000,0x00000000ec800000)
 ParOldGen       total 68608K, used 0K [0x00000000c0000000, 0x00000000c4300000, 0x00000000eab00000)
  object space 68608K, 0% used [0x00000000c0000000,0x00000000c0000000,0x00000000c4300000)
 Metaspace       used 8473K, committed 8576K, reserved 1114112K
  class space    used 838K, committed 896K, reserved 1048576K

Card table byte_map: [0x000001cb34da0000,0x000001cb34fb0000] _byte_map_base: 0x000001cb347a0000

Marking Bits: (ParMarkBitMap*) 0x00007ffed26152c0
 Begin Bits: [0x000001cb47080000, 0x000001cb48080000)
 End Bits:   [0x000001cb48080000, 0x000001cb49080000)

Polling page: 0x000001cb33330000

Metaspace:

Usage:
  Non-class:      7.46 MB used.
      Class:    838.02 KB used.
       Both:      8.28 MB used.

Virtual space:
  Non-class space:       64.00 MB reserved,       7.50 MB ( 12%) committed,  1 nodes.
      Class space:        1.00 GB reserved,     896.00 KB ( <1%) committed,  1 nodes.
             Both:        1.06 GB reserved,       8.38 MB ( <1%) committed. 

Chunk freelists:
   Non-Class:  8.00 MB
       Class:  15.09 MB
        Both:  23.09 MB

MaxMetaspaceSize: unlimited
CompressedClassSpaceSize: 1.00 GB
Initial GC threshold: 21.00 MB
Current GC threshold: 21.00 MB
CDS: off
MetaspaceReclaimPolicy: balanced
 - commit_granule_bytes: 65536.
 - commit_granule_words: 8192.
 - virtual_space_node_default_size: 8388608.
 - enlarge_chunks_in_place: 1.
 - new_chunks_are_fully_committed: 0.
 - uncommit_free_chunks: 1.
 - use_allocation_guard: 0.
 - handle_deallocations: 1.


Internal statistics:

num_allocs_failed_limit: 0.
num_arena_births: 10.
num_arena_deaths: 0.
num_vsnodes_births: 2.
num_vsnodes_deaths: 0.
num_space_committed: 134.
num_space_uncommitted: 0.
num_chunks_returned_to_freelist: 0.
num_chunks_taken_from_freelist: 38.
num_chunk_merges: 0.
num_chunk_splits: 21.
num_chunks_enlarged: 17.
num_inconsistent_stats: 0.

CodeHeap 'non-profiled nmethods': size=119168Kb used=173Kb max_used=173Kb free=118994Kb
 bounds [0x000001cb3fc20000, 0x000001cb3fe90000, 0x000001cb47080000]
CodeHeap 'profiled nmethods': size=119104Kb used=728Kb max_used=728Kb free=118376Kb
 bounds [0x000001cb38080000, 0x000001cb382f0000, 0x000001cb3f4d0000]
CodeHeap 'non-nmethods': size=7488Kb used=2258Kb max_used=2271Kb free=5229Kb
 bounds [0x000001cb3f4d0000, 0x000001cb3f740000, 0x000001cb3fc20000]
 total_blobs=943 nmethods=523 adapters=333
 compilation: enabled
              stopped_count=0, restarted_count=0
 full_count=0

Compilation events (20 events):
Event: 0.468 Thread 0x000001cb4e640b80 nmethod 473 0x000001cb3fc44c10 code [0x000001cb3fc44da0, 0x000001cb3fc44eb8]
Event: 0.468 Thread 0x000001cb4e64a4a0  485       3       java.lang.instrument.ClassFileTransformer::transform (15 bytes)
Event: 0.468 Thread 0x000001cb4e64a4a0 nmethod 485 0x000001cb38126010 code [0x000001cb381261c0, 0x000001cb38126348]
Event: 0.468 Thread 0x000001cb4e92a350 nmethod 483 0x000001cb38126490 code [0x000001cb38126660, 0x000001cb38126a08]
Event: 0.468 Thread 0x000001cb354ab310 nmethod 484 0x000001cb38126b90 code [0x000001cb38126d60, 0x000001cb38127208]
Event: 0.469 Thread 0x000001cb4e92a350  486       3       lombok.eclipse.agent.EclipsePatcher$1::shouldTransform (79 bytes)
Event: 0.471 Thread 0x000001cb354ab310  487       3       java.math.BigInteger::destructiveMulAdd (150 bytes)
Event: 0.471 Thread 0x000001cb354ab310 nmethod 487 0x000001cb38127490 code [0x000001cb38127640, 0x000001cb38127998]
Event: 0.471 Thread 0x000001cb4e640b80  489       4       java.lang.String::charAt (25 bytes)
Event: 0.471 Thread 0x000001cb4e823730 nmethod 471 0x000001cb3fc45390 code [0x000001cb3fc45560, 0x000001cb3fc45d38]
Event: 0.471 Thread 0x000001cb4e823730  490       4       java.lang.CharacterData::of (136 bytes)
Event: 0.472 Thread 0x000001cb4e64a4a0  492       3       java.io.ByteArrayOutputStream::ensureCapacity (32 bytes)
Event: 0.472 Thread 0x000001cb4e823730 nmethod 490 0x000001cb3fc46410 code [0x000001cb3fc46580, 0x000001cb3fc465f8]
Event: 0.472 Thread 0x000001cb4e823730  491       4       java.lang.CharacterDataLatin1::digit (32 bytes)
Event: 0.472 Thread 0x000001cb4e64a4a0 nmethod 492 0x000001cb38127b90 code [0x000001cb38127d60, 0x000001cb381280d8]
Event: 0.472 Thread 0x000001cb4e640b80 nmethod 489 0x000001cb3fc46710 code [0x000001cb3fc468a0, 0x000001cb3fc46988]
Event: 0.472 Thread 0x000001cb4e64a4a0  493       3       java.lang.Integer::numberOfLeadingZeros (79 bytes)
Event: 0.472 Thread 0x000001cb4e823730 nmethod 491 0x000001cb3fc46a90 code [0x000001cb3fc46c20, 0x000001cb3fc46d18]
Event: 0.473 Thread 0x000001cb4e64a4a0 nmethod 493 0x000001cb38128290 code [0x000001cb38128440, 0x000001cb38128718]
Event: 0.473 Thread 0x000001cb4e823730  494       4       java.lang.StringLatin1::lastIndexOf (40 bytes)

GC Heap History (0 events):
No events

Dll operation events (8 events):
Event: 0.007 Loaded shared library c:\Users\victo\.vscode\extensions\redhat.java-1.19.0-win32-x64\jre\17.0.7-win32-x86_64\bin\java.dll
Event: 0.143 Loaded shared library c:\Users\victo\.vscode\extensions\redhat.java-1.19.0-win32-x64\jre\17.0.7-win32-x86_64\bin\zip.dll
Event: 0.146 Loaded shared library C:\Users\victo\.vscode\extensions\redhat.java-1.19.0-win32-x64\jre\17.0.7-win32-x86_64\bin\instrument.dll
Event: 0.157 Loaded shared library C:\Users\victo\.vscode\extensions\redhat.java-1.19.0-win32-x64\jre\17.0.7-win32-x86_64\bin\net.dll
Event: 0.159 Loaded shared library C:\Users\victo\.vscode\extensions\redhat.java-1.19.0-win32-x64\jre\17.0.7-win32-x86_64\bin\nio.dll
Event: 0.166 Loaded shared library C:\Users\victo\.vscode\extensions\redhat.java-1.19.0-win32-x64\jre\17.0.7-win32-x86_64\bin\zip.dll
Event: 0.188 Loaded shared library C:\Users\victo\.vscode\extensions\redhat.java-1.19.0-win32-x64\jre\17.0.7-win32-x86_64\bin\jimage.dll
Event: 0.284 Loaded shared library c:\Users\victo\.vscode\extensions\redhat.java-1.19.0-win32-x64\jre\17.0.7-win32-x86_64\bin\verify.dll

Deoptimization events (20 events):
Event: 0.447 Thread 0x000001cb353ebd80 Uncommon trap: trap_request=0xffffffde fr.pc=0x000001cb3fc40da4 relative=0x0000000000000104
Event: 0.447 Thread 0x000001cb353ebd80 Uncommon trap: reason=class_check action=maybe_recompile pc=0x000001cb3fc40da4 method=jdk.internal.misc.Unsafe.allocateUninitializedArray(Ljava/lang/Class;I)Ljava/lang/Object; @ 51 c2
Event: 0.447 Thread 0x000001cb353ebd80 DEOPT PACKING pc=0x000001cb3fc40da4 sp=0x00000059c56fbb40
Event: 0.447 Thread 0x000001cb353ebd80 DEOPT UNPACKING pc=0x000001cb3f5266a3 sp=0x00000059c56fbac8 mode 2
Event: 0.447 Thread 0x000001cb353ebd80 Uncommon trap: trap_request=0xffffffde fr.pc=0x000001cb3fc40da4 relative=0x0000000000000104
Event: 0.447 Thread 0x000001cb353ebd80 Uncommon trap: reason=class_check action=maybe_recompile pc=0x000001cb3fc40da4 method=jdk.internal.misc.Unsafe.allocateUninitializedArray(Ljava/lang/Class;I)Ljava/lang/Object; @ 51 c2
Event: 0.447 Thread 0x000001cb353ebd80 DEOPT PACKING pc=0x000001cb3fc40da4 sp=0x00000059c56fbb40
Event: 0.447 Thread 0x000001cb353ebd80 DEOPT UNPACKING pc=0x000001cb3f5266a3 sp=0x00000059c56fbac8 mode 2
Event: 0.447 Thread 0x000001cb353ebd80 Uncommon trap: trap_request=0xffffffde fr.pc=0x000001cb3fc40da4 relative=0x0000000000000104
Event: 0.447 Thread 0x000001cb353ebd80 Uncommon trap: reason=class_check action=maybe_recompile pc=0x000001cb3fc40da4 method=jdk.internal.misc.Unsafe.allocateUninitializedArray(Ljava/lang/Class;I)Ljava/lang/Object; @ 51 c2
Event: 0.447 Thread 0x000001cb353ebd80 DEOPT PACKING pc=0x000001cb3fc40da4 sp=0x00000059c56fbb40
Event: 0.447 Thread 0x000001cb353ebd80 DEOPT UNPACKING pc=0x000001cb3f5266a3 sp=0x00000059c56fbac8 mode 2
Event: 0.447 Thread 0x000001cb353ebd80 Uncommon trap: trap_request=0xffffffde fr.pc=0x000001cb3fc40da4 relative=0x0000000000000104
Event: 0.447 Thread 0x000001cb353ebd80 Uncommon trap: reason=class_check action=maybe_recompile pc=0x000001cb3fc40da4 method=jdk.internal.misc.Unsafe.allocateUninitializedArray(Ljava/lang/Class;I)Ljava/lang/Object; @ 51 c2
Event: 0.447 Thread 0x000001cb353ebd80 DEOPT PACKING pc=0x000001cb3fc40da4 sp=0x00000059c56fbb80
Event: 0.447 Thread 0x000001cb353ebd80 DEOPT UNPACKING pc=0x000001cb3f5266a3 sp=0x00000059c56fbb08 mode 2
Event: 0.461 Thread 0x000001cb353ebd80 Uncommon trap: trap_request=0xffffff45 fr.pc=0x000001cb3fc345c0 relative=0x00000000000000c0
Event: 0.461 Thread 0x000001cb353ebd80 Uncommon trap: reason=unstable_if action=reinterpret pc=0x000001cb3fc345c0 method=java.net.URI.match(CJJ)Z @ 45 c2
Event: 0.461 Thread 0x000001cb353ebd80 DEOPT PACKING pc=0x000001cb3fc345c0 sp=0x00000059c56fc810
Event: 0.461 Thread 0x000001cb353ebd80 DEOPT UNPACKING pc=0x000001cb3f5266a3 sp=0x00000059c56fc798 mode 2

Classes unloaded (0 events):
No events

Classes redefined (0 events):
No events

Internal exceptions (2 events):
Event: 0.122 Thread 0x000001cb353ebd80 Exception <a 'java/lang/NoSuchMethodError'{0x00000000eacb35b8}: 'void java.lang.invoke.DirectMethodHandle$Holder.invokeStatic(java.lang.Object, java.lang.Object, java.lang.Object)'> (0x00000000eacb35b8) 
thrown [s\src\hotspot\share\interpreter\linkResolver.cpp, line 759]
Event: 0.312 Thread 0x000001cb353ebd80 Exception <a 'java/lang/reflect/InvocationTargetException'{0x00000000eb079218}> (0x00000000eb079218) 
thrown [s\src\hotspot\share\runtime\reflection.cpp, line 1121]

VM Operations (4 events):
Event: 0.127 Executing VM operation: HandshakeAllThreads
Event: 0.127 Executing VM operation: HandshakeAllThreads done
Event: 0.217 Executing VM operation: HandshakeAllThreads
Event: 0.217 Executing VM operation: HandshakeAllThreads done

Events (20 events):
Event: 0.467 loading class java/util/TreeMap$PrivateEntryIterator done
Event: 0.467 loading class java/util/TreeMap$KeyIterator done
Event: 0.468 loading class sun/security/util/DisabledAlgorithmConstraints$Constraints
Event: 0.468 loading class sun/security/util/DisabledAlgorithmConstraints$Constraints done
Event: 0.468 loading class sun/security/util/CurveDB
Event: 0.469 loading class sun/security/util/CurveDB done
Event: 0.469 loading class java/security/spec/ECFieldFp
Event: 0.469 loading class java/security/spec/ECField
Event: 0.469 loading class java/security/spec/ECField done
Event: 0.469 loading class java/security/spec/ECFieldFp done
Event: 0.469 loading class java/security/spec/EllipticCurve
Event: 0.470 loading class java/security/spec/EllipticCurve done
Event: 0.470 loading class java/security/spec/ECPoint
Event: 0.470 loading class java/security/spec/ECPoint done
Event: 0.470 loading class sun/security/util/NamedCurve
Event: 0.470 loading class java/security/spec/ECParameterSpec
Event: 0.470 loading class java/security/spec/ECParameterSpec done
Event: 0.470 loading class sun/security/util/NamedCurve done
Event: 0.472 loading class java/security/spec/ECFieldF2m
Event: 0.472 loading class java/security/spec/ECFieldF2m done


Dynamic libraries:
0x00007ff762570000 - 0x00007ff76257e000 	c:\Users\victo\.vscode\extensions\redhat.java-1.19.0-win32-x64\jre\17.0.7-win32-x86_64\bin\java.exe
0x00007fff276f0000 - 0x00007fff278e8000 	C:\WINDOWS\SYSTEM32\ntdll.dll
0x00007fff259b0000 - 0x00007fff25a6f000 	C:\WINDOWS\System32\KERNEL32.DLL
0x00007fff25450000 - 0x00007fff25746000 	C:\WINDOWS\System32\KERNELBASE.dll
0x00007fff252a0000 - 0x00007fff253a0000 	C:\WINDOWS\System32\ucrtbase.dll
0x00007fff20640000 - 0x00007fff20657000 	c:\Users\victo\.vscode\extensions\redhat.java-1.19.0-win32-x64\jre\17.0.7-win32-x86_64\bin\jli.dll
0x00007fff1ec30000 - 0x00007fff1ec49000 	c:\Users\victo\.vscode\extensions\redhat.java-1.19.0-win32-x64\jre\17.0.7-win32-x86_64\bin\VCRUNTIME140.dll
0x00007fff264d0000 - 0x00007fff2666d000 	C:\WINDOWS\System32\USER32.dll
0x00007fff24f70000 - 0x00007fff24f92000 	C:\WINDOWS\System32\win32u.dll
0x00007fff17170000 - 0x00007fff1740a000 	C:\WINDOWS\WinSxS\amd64_microsoft.windows.common-controls_6595b64144ccf1df_6.0.19041.1110_none_60b5254171f9507e\COMCTL32.dll
0x00007fff27620000 - 0x00007fff2764c000 	C:\WINDOWS\System32\GDI32.dll
0x00007fff26c00000 - 0x00007fff26c9e000 	C:\WINDOWS\System32\msvcrt.dll
0x00007fff24e50000 - 0x00007fff24f65000 	C:\WINDOWS\System32\gdi32full.dll
0x00007fff24fa0000 - 0x00007fff2503d000 	C:\WINDOWS\System32\msvcp_win.dll
0x00007fff26b70000 - 0x00007fff26ba0000 	C:\WINDOWS\System32\IMM32.DLL
0x00007fff1f4f0000 - 0x00007fff1f4fc000 	c:\Users\victo\.vscode\extensions\redhat.java-1.19.0-win32-x64\jre\17.0.7-win32-x86_64\bin\vcruntime140_1.dll
0x00007ffed5b20000 - 0x00007ffed5bb1000 	c:\Users\victo\.vscode\extensions\redhat.java-1.19.0-win32-x64\jre\17.0.7-win32-x86_64\bin\msvcp140.dll
0x00007ffed1a90000 - 0x00007ffed26d8000 	c:\Users\victo\.vscode\extensions\redhat.java-1.19.0-win32-x64\jre\17.0.7-win32-x86_64\bin\server\jvm.dll
0x00007fff25900000 - 0x00007fff259af000 	C:\WINDOWS\System32\ADVAPI32.dll
0x00007fff27420000 - 0x00007fff274bc000 	C:\WINDOWS\System32\sechost.dll
0x00007fff26f80000 - 0x00007fff270a6000 	C:\WINDOWS\System32\RPCRT4.dll
0x00007ffefef50000 - 0x00007ffefef59000 	C:\WINDOWS\SYSTEM32\WSOCK32.dll
0x00007fff26d50000 - 0x00007fff26dbb000 	C:\WINDOWS\System32\WS2_32.dll
0x00007fff14f00000 - 0x00007fff14f27000 	C:\WINDOWS\SYSTEM32\WINMM.dll
0x00007fff1e130000 - 0x00007fff1e13a000 	C:\WINDOWS\SYSTEM32\VERSION.dll
0x00007fff23600000 - 0x00007fff23612000 	C:\WINDOWS\SYSTEM32\kernel.appcore.dll
0x00007fff1e960000 - 0x00007fff1e96a000 	c:\Users\victo\.vscode\extensions\redhat.java-1.19.0-win32-x64\jre\17.0.7-win32-x86_64\bin\jimage.dll
0x00007fff22c40000 - 0x00007fff22e24000 	C:\WINDOWS\SYSTEM32\DBGHELP.DLL
0x00007fff155b0000 - 0x00007fff155e4000 	C:\WINDOWS\SYSTEM32\dbgcore.DLL
0x00007fff25210000 - 0x00007fff25292000 	C:\WINDOWS\System32\bcryptPrimitives.dll
0x00007fff1d040000 - 0x00007fff1d04e000 	c:\Users\victo\.vscode\extensions\redhat.java-1.19.0-win32-x64\jre\17.0.7-win32-x86_64\bin\instrument.dll
0x00007fff16900000 - 0x00007fff16925000 	c:\Users\victo\.vscode\extensions\redhat.java-1.19.0-win32-x64\jre\17.0.7-win32-x86_64\bin\java.dll
0x00007fff16720000 - 0x00007fff16738000 	c:\Users\victo\.vscode\extensions\redhat.java-1.19.0-win32-x64\jre\17.0.7-win32-x86_64\bin\zip.dll
0x00007fff25b20000 - 0x00007fff26264000 	C:\WINDOWS\System32\SHELL32.dll
0x00007fff22e50000 - 0x00007fff235e3000 	C:\WINDOWS\SYSTEM32\windows.storage.dll
0x00007fff270b0000 - 0x00007fff27404000 	C:\WINDOWS\System32\combase.dll
0x00007fff246e0000 - 0x00007fff2470e000 	C:\WINDOWS\SYSTEM32\Wldp.dll
0x00007fff26ca0000 - 0x00007fff26d4d000 	C:\WINDOWS\System32\SHCORE.dll
0x00007fff26ba0000 - 0x00007fff26bf5000 	C:\WINDOWS\System32\shlwapi.dll
0x00007fff24d10000 - 0x00007fff24d2f000 	C:\WINDOWS\SYSTEM32\profapi.dll
0x00007fff15c10000 - 0x00007fff15c29000 	C:\Users\victo\.vscode\extensions\redhat.java-1.19.0-win32-x64\jre\17.0.7-win32-x86_64\bin\net.dll
0x00007fff1d1e0000 - 0x00007fff1d2ea000 	C:\WINDOWS\SYSTEM32\WINHTTP.dll
0x00007fff24450000 - 0x00007fff244ba000 	C:\WINDOWS\system32\mswsock.dll
0x00007fff0e0a0000 - 0x00007fff0e0b5000 	C:\Users\victo\.vscode\extensions\redhat.java-1.19.0-win32-x64\jre\17.0.7-win32-x86_64\bin\nio.dll
0x00007fff1cfc0000 - 0x00007fff1cfd0000 	c:\Users\victo\.vscode\extensions\redhat.java-1.19.0-win32-x64\jre\17.0.7-win32-x86_64\bin\verify.dll

dbghelp: loaded successfully - version: 4.0.5 - missing functions: none
symbol engine: initialized successfully - sym options: 0x614 - pdb path: .;c:\Users\victo\.vscode\extensions\redhat.java-1.19.0-win32-x64\jre\17.0.7-win32-x86_64\bin;C:\WINDOWS\SYSTEM32;C:\WINDOWS\WinSxS\amd64_microsoft.windows.common-controls_6595b64144ccf1df_6.0.19041.1110_none_60b5254171f9507e;c:\Users\victo\.vscode\extensions\redhat.java-1.19.0-win32-x64\jre\17.0.7-win32-x86_64\bin\server

VM Arguments:
jvm_args: --add-modules=ALL-SYSTEM --add-opens=java.base/java.util=ALL-UNNAMED --add-opens=java.base/java.lang=ALL-UNNAMED --add-opens=java.base/sun.nio.fs=ALL-UNNAMED -Declipse.application=org.eclipse.jdt.ls.core.id1 -Dosgi.bundles.defaultStartLevel=4 -Declipse.product=org.eclipse.jdt.ls.core.product -Djava.import.generatesMetadataFilesAtProjectRoot=false -Dfile.encoding=utf8 -XX:+UseParallelGC -XX:GCTimeRatio=4 -XX:AdaptiveSizePolicyWeight=90 -Dsun.zip.disableMemoryMapping=true -Xmx1G -Xms100m -Xlog:disable -javaagent:c:\Users\victo\.vscode\extensions\redhat.java-1.19.0-win32-x64\lombok\lombok-1.18.28.jar 
java_command: c:\Users\victo\.vscode\extensions\redhat.java-1.19.0-win32-x64\server\plugins\org.eclipse.equinox.launcher_1.6.400.v20210924-0641.jar -configuration c:\Users\victo\AppData\Roaming\Code\User\globalStorage\redhat.java\1.19.0\config_ss_win -data c:\Users\victo\AppData\Roaming\Code\User\workspaceStorage\935a44f2b612eb5bfd22a2e74c9645a7\redhat.java\ss_ws
java_class_path (initial): c:\Users\victo\.vscode\extensions\redhat.java-1.19.0-win32-x64\server\plugins\org.eclipse.equinox.launcher_1.6.400.v20210924-0641.jar
Launcher Type: SUN_STANDARD

[Global flags]
    uintx AdaptiveSizePolicyWeight                 = 90                                        {product} {command line}
     intx CICompilerCount                          = 12                                        {product} {ergonomic}
    uintx GCTimeRatio                              = 4                                         {product} {command line}
   size_t InitialHeapSize                          = 104857600                                 {product} {command line}
   size_t MaxHeapSize                              = 1073741824                                {product} {command line}
   size_t MaxNewSize                               = 357564416                                 {product} {ergonomic}
   size_t MinHeapDeltaBytes                        = 524288                                    {product} {ergonomic}
   size_t MinHeapSize                              = 104857600                                 {product} {command line}
   size_t NewSize                                  = 34603008                                  {product} {ergonomic}
    uintx NonNMethodCodeHeapSize                   = 7602480                                {pd product} {ergonomic}
    uintx NonProfiledCodeHeapSize                  = 122027880                              {pd product} {ergonomic}
   size_t OldSize                                  = 70254592                                  {product} {ergonomic}
    uintx ProfiledCodeHeapSize                     = 122027880                              {pd product} {ergonomic}
    uintx ReservedCodeCacheSize                    = 251658240                              {pd product} {ergonomic}
     bool SegmentedCodeCache                       = true                                      {product} {ergonomic}
   size_t SoftMaxHeapSize                          = 1073741824                             {manageable} {ergonomic}
     bool UseCompressedClassPointers               = true                           {product lp64_product} {ergonomic}
     bool UseCompressedOops                        = true                           {product lp64_product} {ergonomic}
     bool UseLargePagesIndividualAllocation        = false                                  {pd product} {ergonomic}
     bool UseParallelGC                            = true                                      {product} {command line}

Logging:
Log output configuration:
 #0: stdout all=off uptime,level,tags
 #1: stderr all=off uptime,level,tags

Environment Variables:
PATH=C:\Ruby32-x64\bin;C:\WINDOWS\system32;C:\WINDOWS;C:\WINDOWS\System32\Wbem;C:\WINDOWS\System32\WindowsPowerShell\v1.0\;C:\WINDOWS\System32\OpenSSH\;C:\Program Files\Git\cmd;C:\Program Files\nodejs\;C:\Program Files\dotnet\;C:\ProgramData\chocolatey\bin;C:\Program Files\ojdkbuild\java-11-openjdk-11.0.15-1\bin;C:\ProgramData\chocolatey\lib\maven\apache-maven-3.8.6\bin;C:\Program Files\Microsoft SQL Server\110\Tools\Binn\;C:\Users\victo\AppData\Local\Microsoft\WindowsApps;;C:\Users\victo\AppData\Local\Programs\Microsoft VS Code\bin;C:\Users\victo\AppData\Roaming\npm
USERNAME=victo
OS=Windows_NT
PROCESSOR_IDENTIFIER=AMD64 Family 23 Model 1 Stepping 1, AuthenticAMD
TMP=C:\Users\victo\AppData\Local\Temp
TEMP=C:\Users\victo\AppData\Local\Temp



---------------  S Y S T E M  ---------------

OS:
 Windows 10 , 64 bit Build 19041 (10.0.19041.2913)
OS uptime: 0 days 3:01 hours
Hyper-V role detected

CPU: total 16 (initial active 16) (16 cores per cpu, 2 threads per core) family 23 model 1 stepping 1 microcode 0x0, cx8, cmov, fxsr, ht, mmx, 3dnowpref, sse, sse2, sse3, ssse3, sse4a, sse4.1, sse4.2, popcnt, lzcnt, tsc, tscinvbit, avx, avx2, aes, clmul, bmi1, bmi2, adx, sha, fma, vzeroupper, clflush, clflushopt, hv

Memory: 4k page, system-wide physical 16276M (9373M free)
TotalPageFile size 18708M (AvailPageFile size 8648M)
current process WorkingSet (physical memory assigned to process): 54M, peak: 54M
current process commit charge ("private bytes"): 211M, peak: 211M

vm_info: OpenJDK 64-Bit Server VM (17.0.7+7) for windows-amd64 JRE (17.0.7+7), built on Apr 18 2023 22:10:42 by "temurin" with MS VC++ 16.7 (VS2019)

END.
